\BOOKMARK [0][]{chapter*.1}{\376\377\166\356\137\125}{}% 1
\BOOKMARK [0][]{chapter.1}{\376\377\176\352\213\272}{}% 2
\BOOKMARK [1][]{section.1.1}{\376\377\200\314\146\157\116\016\141\017\116\111}{chapter.1}% 3
\BOOKMARK [1][]{section.1.2}{\376\377\152\041\127\213\230\204\155\113\143\247\122\066\151\202\142\354}{chapter.1}% 4
\BOOKMARK [2][]{subsection.1.2.1}{\376\377\152\041\127\213\230\204\155\113\143\247\122\066\166\204\123\321\134\125\123\206\172\013}{section.1.2}% 5
\BOOKMARK [2][]{subsection.1.2.2}{\376\377\152\041\127\213\230\204\155\113\143\247\122\066\166\204\127\372\147\054\123\237\164\006}{section.1.2}% 6
\BOOKMARK [2][]{subsection.1.2.3}{\376\377\152\041\127\213\230\204\155\113\143\247\122\066\166\204\127\372\147\054\170\024\172\166\163\260\162\266}{section.1.2}% 7
\BOOKMARK [2][]{subsection.1.2.4}{\376\377\152\041\127\213\230\204\155\113\143\247\122\066\170\024\172\166\215\213\122\277}{section.1.2}% 8
\BOOKMARK [1][]{section.1.3}{\376\377\131\047\211\304\152\041\131\015\147\102\174\373\176\337\166\204\152\041\127\213\230\204\155\113\143\247\122\066}{chapter.1}% 9
\BOOKMARK [2][]{subsection.1.3.1}{\376\377\226\306\116\055\137\017\152\041\127\213\230\204\155\113\143\247\122\066}{section.1.3}% 10
\BOOKMARK [2][]{subsection.1.3.2}{\376\377\122\006\145\143\137\017\152\041\127\213\230\204\155\113\143\247\122\066}{section.1.3}% 11
\BOOKMARK [2][]{subsection.1.3.3}{\376\377\122\006\136\003\137\017\152\041\127\213\230\204\155\113\143\247\122\066}{section.1.3}% 12
\BOOKMARK [1][]{section.1.4}{\376\377\122\006\136\003\137\017\152\041\127\213\230\204\155\113\143\247\122\066\166\204\136\224\165\050}{chapter.1}% 13
\BOOKMARK [1][]{section.1.5}{\376\377\230\204\131\007\167\345\213\306}{chapter.1}% 14
\BOOKMARK [2][]{subsection.1.5.1}{\376\377\127\372\147\054\151\202\137\365}{section.1.5}% 15
\BOOKMARK [2][]{subsection.1.5.2}{\376\377\121\375\145\160\133\232\116\111}{section.1.5}% 16
\BOOKMARK [2][]{subsection.1.5.3}{\376\377\166\370\121\163\133\232\164\006}{section.1.5}% 17
\BOOKMARK [1][]{section.1.6}{\376\377\147\054\145\207\116\073\211\201\170\024\172\166\135\345\117\134\124\214\172\340\202\202\133\211\143\222}{chapter.1}% 18
\BOOKMARK [0][]{chapter.2}{\376\377\131\032\116\052\176\277\140\047\174\373\176\337\166\204\122\006\136\003\137\017\152\041\127\213\230\204\155\113\214\003\202\202\143\247\122\066}{}% 19
\BOOKMARK [1][]{section.2.1}{\376\377\137\025\212\000}{chapter.2}% 20
\BOOKMARK [1][]{section.2.2}{\376\377\225\356\230\230\166\204\143\317\217\360}{chapter.2}% 21
\BOOKMARK [1][]{section.2.3}{\376\377\122\006\136\003\137\017\123\117\124\014\152\041\127\213\230\204\155\113\143\247\122\066}{chapter.2}% 22
\BOOKMARK [2][]{subsection.2.3.1}{\376\377\166\370\133\271\140\047\176\246\147\137\166\204\213\276\213\241}{section.2.3}% 23
\BOOKMARK [2][]{subsection.2.3.2}{\376\377\176\310\172\357\142\020\122\006\166\204\213\276\213\241}{section.2.3}% 24
\BOOKMARK [2][]{subsection.2.3.3}{\376\377\122\006\136\003\137\017\133\236\163\260\173\227\154\325}{section.2.3}% 25
\BOOKMARK [1][]{section.2.4}{\376\377\116\073\211\201\176\323\147\234}{chapter.2}% 26
\BOOKMARK [1][]{section.2.5}{\376\377\116\377\167\037\176\323\147\234\124\214\122\006\147\220}{chapter.2}% 27
\BOOKMARK [1][]{section.2.6}{\376\377\147\054\172\340\134\017\176\323}{chapter.2}% 28
\BOOKMARK [0][]{chapter.3}{\376\377\131\032\116\052\116\214\226\066\227\136\176\277\140\047\174\373\176\337\166\204\122\006\136\003\137\017\152\041\127\213\230\204\155\113\116\000\201\364\143\247\122\066}{}% 29
\BOOKMARK [1][]{section.3.1}{\376\377\137\025\212\000}{chapter.3}% 30
\BOOKMARK [1][]{section.3.2}{\376\377\225\356\230\230\166\204\143\317\217\360}{chapter.3}% 31
\BOOKMARK [1][]{section.3.3}{\376\377\122\006\136\003\137\017\152\041\127\213\230\204\155\113\143\247\122\066}{chapter.3}% 32
\BOOKMARK [2][]{subsection.3.3.1}{\376\377\166\370\133\271\140\047\176\246\147\137\166\204\213\276\213\241}{section.3.3}% 33
\BOOKMARK [2][]{subsection.3.3.2}{\376\377\176\310\172\357\142\020\122\006\166\204\213\276\213\241}{section.3.3}% 34
\BOOKMARK [2][]{subsection.3.3.3}{\376\377\122\006\136\003\137\017\133\236\163\260\173\227\154\325}{section.3.3}% 35
\BOOKMARK [1][]{section.3.4}{\376\377\116\073\211\201\176\323\147\234}{chapter.3}% 36
\BOOKMARK [1][]{section.3.5}{\376\377\116\377\167\037\176\323\147\234\124\214\122\006\147\220}{chapter.3}% 37
\BOOKMARK [1][]{section.3.6}{\376\377\147\054\172\340\134\017\176\323}{chapter.3}% 38
\BOOKMARK [0][]{chapter.4}{\376\377\131\032\116\052\176\277\140\047\116\214\226\066\174\373\176\337\166\204\122\006\136\003\137\017\152\041\127\213\230\204\155\113\177\026\226\037\143\247\122\066}{}% 39
\BOOKMARK [1][]{section.4.1}{\376\377\137\025\212\000}{chapter.4}% 40
\BOOKMARK [1][]{section.4.2}{\376\377\225\356\230\230\166\204\143\317\217\360}{chapter.4}% 41
\BOOKMARK [1][]{section.4.3}{\376\377\122\006\136\003\137\017\123\117\124\014\152\041\127\213\230\204\155\113\143\247\122\066}{chapter.4}% 42
\BOOKMARK [2][]{subsection.4.3.1}{\376\377\166\370\133\271\140\047\176\246\147\137\166\204\213\276\213\241}{section.4.3}% 43
\BOOKMARK [2][]{subsection.4.3.2}{\376\377\220\177\170\260\176\246\147\137\166\204\213\276\213\241}{section.4.3}% 44
\BOOKMARK [2][]{subsection.4.3.3}{\376\377\176\310\172\357\142\020\122\006\166\204\213\276\213\241}{section.4.3}% 45
\BOOKMARK [2][]{subsection.4.3.4}{\376\377\122\006\136\003\137\017\133\236\163\260\173\227\154\325}{section.4.3}% 46
\BOOKMARK [1][]{section.4.4}{\376\377\116\073\211\201\176\323\147\234}{chapter.4}% 47
\BOOKMARK [1][]{section.4.5}{\376\377\116\377\167\037\176\323\147\234\124\214\122\006\147\220}{chapter.4}% 48
\BOOKMARK [1][]{section.4.6}{\376\377\147\054\172\340\134\017\176\323}{chapter.4}% 49
\BOOKMARK [0][]{chapter.5}{\376\377\140\073\176\323\116\016\134\125\147\033}{}% 50
\BOOKMARK [1][]{section.5.1}{\376\377\170\024\172\166\135\345\117\134\140\073\176\323}{chapter.5}% 51
\BOOKMARK [1][]{section.5.2}{\376\377\135\345\117\134\134\125\147\033}{chapter.5}% 52
\BOOKMARK [0][]{chapter*.24}{\376\377\123\302\200\003\145\207\163\056}{}% 53
\BOOKMARK [0][]{chapter*.25}{\376\377\145\073\213\373\170\125\130\353\133\146\117\115\147\037\225\364\123\321\210\150\213\272\145\207\116\016\170\024\172\166\142\020\147\234\156\005\123\125}{}% 54
\BOOKMARK [0][]{chapter*.26}{\376\377\000\040\201\364\214\042}{}% 55
