This is pdfTeX, Version 3.1415926-2.3-1.40.12 (MiKTeX 2.9) (preloaded format=pdflatex 2017.2.20)  20 FEB 2017 16:49
entering extended mode
**E:/Graduate/å¯¼èˆªæ¨¡å—_è¯¾é¢˜/BITè®ºæ–‡æ¨¡æ¿/æ¯•ä¸šè®ºæ–‡Final*Veision*-*å
‰¯æœ¬/Thesis_of_YULONG_GAO.tex

("E:/Graduate/å¯¼èˆªæ¨¡å—_è¯¾é¢˜/BITè®ºæ–‡æ¨¡æ¿/æ¯•ä¸šè®ºæ–‡Final Veision - å
‰¯æœ¬/Thesis_of_YULONG_GAO.tex"
LaTeX2e <2011/06/27>
Babel <v3.8m> and hyphenation patterns for loaded.
(D:\CTEX\MiKTeX\tex\latex\ctex\ctexbook.cls
Document Class: ctexbook 2011/03/11 v1.02c ctexbook document class
(D:\CTEX\MiKTeX\tex\latex\ctex\opt\ctex-common-opts.def)
(D:\CTEX\MiKTeX\tex\latex\ctex\opt\ctex-caption-opts.def
\c@CTEX@sectiondepth=\count79
)
(D:\CTEX\MiKTeX\tex\latex\ctex\opt\ctex-class-opts.def)
(D:\CTEX\CTeX\tex\latex\ctex\cfg\ctexopts.cfg)
(D:\CTEX\MiKTeX\tex\latex\ctex\def\ctex-loadclass.def
(D:\CTEX\MiKTeX\tex\latex\base\book.cls
Document Class: book 2007/10/19 v1.4h Standard LaTeX document class
(D:\CTEX\MiKTeX\tex\latex\base\bk12.clo
File: bk12.clo 2007/10/19 v1.4h Standard LaTeX file (size option)
)
\c@part=\count80
\c@chapter=\count81
\c@section=\count82
\c@subsection=\count83
\c@subsubsection=\count84
\c@paragraph=\count85
\c@subparagraph=\count86
\c@figure=\count87
\c@table=\count88
\abovecaptionskip=\skip41
\belowcaptionskip=\skip42
\bibindent=\dimen102
))
(D:\CTEX\MiKTeX\tex\latex\ctex\def\ctex-common.def
(D:\CTEX\MiKTeX\tex\latex\l3kernel\expl3.sty
(D:\CTEX\MiKTeX\tex\latex\l3kernel\l3names.sty
(D:\CTEX\MiKTeX\tex\latex\l3kernel\l3bootstrap.sty
Package: l3bootstrap 2011/12/29 v3110 L3 Experimental bootstrap code
)
Package: l3names 2011/12/30 v3113 L3 Experimental namespace for primitives
)
(D:\CTEX\MiKTeX\tex\latex\misc\etex.sty
Package: etex 1998/03/26 v2.0 eTeX basic definition package (PEB)
\et@xins=\count89
)
Package: expl3 2012/02/26 v3471 L3 Experimental code bundle wrapper

(D:\CTEX\MiKTeX\tex\latex\graphics\color.sty
Package: color 2005/11/14 v1.0j Standard LaTeX Color (DPC)

(D:\CTEX\MiKTeX\tex\latex\00miktex\color.cfg
File: color.cfg 2007/01/18 v1.5 color configuration of teTeX/TeXLive
)
Package color Info: Driver file: pdftex.def on input line 130.

(D:\CTEX\MiKTeX\tex\latex\pdftex-def\pdftex.def
File: pdftex.def 2011/05/27 v0.06d Graphics/color for pdfTeX

(D:\CTEX\MiKTeX\tex\generic\oberdiek\infwarerr.sty
Package: infwarerr 2010/04/08 v1.3 Providing info/warning/message (HO)
)
(D:\CTEX\MiKTeX\tex\generic\oberdiek\ltxcmds.sty
Package: ltxcmds 2011/04/18 v1.20 LaTeX kernel commands for general use (HO)
)
\Gread@gobject=\count90
))
(D:\CTEX\MiKTeX\tex\latex\graphics\graphics.sty
Package: graphics 2009/02/05 v1.0o Standard LaTeX Graphics (DPC,SPQR)

(D:\CTEX\MiKTeX\tex\latex\graphics\trig.sty
Package: trig 1999/03/16 v1.09 sin cos tan (DPC)
)
(D:\CTEX\MiKTeX\tex\latex\00miktex\graphics.cfg
File: graphics.cfg 2007/01/18 v1.5 graphics configuration of teTeX/TeXLive
)
Package graphics Info: Driver file: pdftex.def on input line 91.
)
(D:\CTEX\MiKTeX\tex\latex\l3kernel\l3basics.sty
Package: l3basics 2012/02/26 v3460 L3 Experimental basic definitions
)
(D:\CTEX\MiKTeX\tex\latex\l3kernel\l3expan.sty
Package: l3expan 2012/02/26 v3460 L3 Experimental argument expansion
)
(D:\CTEX\MiKTeX\tex\latex\l3kernel\l3tl.sty
Package: l3tl 2012/02/26 v3460 L3 Experimental token lists
)
(D:\CTEX\MiKTeX\tex\latex\l3kernel\l3seq.sty
Package: l3seq 2012/01/09 v3158 L3 Experimental sequences and stacks
)
(D:\CTEX\MiKTeX\tex\latex\l3kernel\l3int.sty
Package: l3int 2012/02/26 v3460 L3 Experimental integers
\c_max_int=\count91
\l_tmpa_int=\count92
\l_tmpb_int=\count93
\l_tmpc_int=\count94
\g_tmpa_int=\count95
\g_tmpb_int=\count96
)
(D:\CTEX\MiKTeX\tex\latex\l3kernel\l3quark.sty
Package: l3quark 2012/02/12 v3384 L3 Experimental quarks
)
(D:\CTEX\MiKTeX\tex\latex\l3kernel\l3prg.sty
Package: l3prg 2012/02/26 v3464 L3 Experimental control structures
\g_prg_map_int=\count97
)
(D:\CTEX\MiKTeX\tex\latex\l3kernel\l3clist.sty
Package: l3clist 2012/02/26 v3460 L3 Experimental comma separated lists
)
(D:\CTEX\MiKTeX\tex\latex\l3kernel\l3token.sty
Package: l3token 2012/02/26 v3460 L3 Experimental token manipulation
)
(D:\CTEX\MiKTeX\tex\latex\l3kernel\l3prop.sty
Package: l3prop 2012/02/26 v3460 L3 Experimental property lists
)
(D:\CTEX\MiKTeX\tex\latex\l3kernel\l3msg.sty
Package: l3msg 2012/02/26 v3470 L3 Experimental messages
)
(D:\CTEX\MiKTeX\tex\latex\l3kernel\l3file.sty
Package: l3file 2012/02/26 v3464 L3 Experimental file and I/O operations
\l_iow_stream_int=\count98
\l_iow_line_length_int=\count99
\l_iow_target_length_int=\count100
\l_iow_current_line_int=\count101
\l_iow_current_word_int=\count102
\l_iow_current_indentation_int=\count103
)
(D:\CTEX\MiKTeX\tex\latex\l3kernel\l3skip.sty
Package: l3skip 2012/02/26 v3460 L3 Experimental dimensions and skips
\l_tmpa_dim=\dimen103
\l_tmpb_dim=\dimen104
\l_tmpc_dim=\dimen105
\g_tmpa_dim=\dimen106
\g_tmpb_dim=\dimen107
\l_tmpa_skip=\skip43
\l_tmpb_skip=\skip44
\l_tmpc_skip=\skip45
\g_tmpa_skip=\skip46
\g_tmpb_skip=\skip47
)
(D:\CTEX\MiKTeX\tex\latex\l3kernel\l3keys.sty
Package: l3keys 2011/12/22 v3086 L3 Experimental key-value interfaces
\g_keyval_level_int=\count104
\l_keys_choice_int=\count105
)
(D:\CTEX\MiKTeX\tex\latex\l3kernel\l3fp.sty
Package: l3fp 2012/02/06 v3315 L3 Experimental floating-point operations
\c_one_million=\count106
\c_one_hundred_million=\count107
\c_five_hundred_million=\count108
\c_one_thousand_million=\count109
\c_fp_pi_by_four_decimal_int=\count110
\c_fp_pi_by_four_extended_int=\count111
\c_fp_pi_decimal_int=\count112
\c_fp_pi_extended_int=\count113
\c_fp_two_pi_decimal_int=\count114
\c_fp_two_pi_extended_int=\count115
\l_fp_count_int=\count116
\l_fp_div_offset_int=\count117
\l_fp_exp_integer_int=\count118
\l_fp_exp_decimal_int=\count119
\l_fp_exp_extended_int=\count120
\l_fp_exp_exponent_int=\count121
\l_fp_input_a_sign_int=\count122
\l_fp_input_a_integer_int=\count123
\l_fp_input_a_decimal_int=\count124
\l_fp_input_a_exponent_int=\count125
\l_fp_input_b_sign_int=\count126
\l_fp_input_b_integer_int=\count127
\l_fp_input_b_decimal_int=\count128
\l_fp_input_b_exponent_int=\count129
\l_fp_input_a_extended_int=\count130
\l_fp_input_b_extended_int=\count131
\l_fp_mul_a_i_int=\count132
\l_fp_mul_a_ii_int=\count133
\l_fp_mul_a_iii_int=\count134
\l_fp_mul_a_iv_int=\count135
\l_fp_mul_a_v_int=\count136
\l_fp_mul_a_vi_int=\count137
\l_fp_mul_b_i_int=\count138
\l_fp_mul_b_ii_int=\count139
\l_fp_mul_b_iii_int=\count140
\l_fp_mul_b_iv_int=\count141
\l_fp_mul_b_v_int=\count142
\l_fp_mul_b_vi_int=\count143
\l_fp_mul_output_int=\count144
\l_fp_output_sign_int=\count145
\l_fp_output_integer_int=\count146
\l_fp_output_decimal_int=\count147
\l_fp_output_exponent_int=\count148
\l_fp_output_extended_int=\count149
\l_fp_round_position_int=\count150
\l_fp_round_target_int=\count151
\l_fp_split_sign_int=\count152
\l_fp_internal_int=\count153
\l_fp_trig_octant_int=\count154
\l_fp_trig_sign_int=\count155
\l_fp_trig_decimal_int=\count156
\l_fp_trig_extended_int=\count157
\l_fp_internal_dim=\dimen108
\l_fp_internal_skip=\skip48
)
(D:\CTEX\MiKTeX\tex\latex\l3kernel\l3box.sty
Package: l3box 2012/02/18 v3432 L3 Experimental boxes
\l_tmpb_box=\box26
\l_box_top_dim=\dimen109
\l_box_bottom_dim=\dimen110
\l_box_left_dim=\dimen111
\l_box_right_dim=\dimen112
\l_box_top_new_dim=\dimen113
\l_box_bottom_new_dim=\dimen114
\l_box_left_new_dim=\dimen115
\l_box_right_new_dim=\dimen116
\l_box_internal_box=\box27
)
(D:\CTEX\MiKTeX\tex\latex\l3kernel\l3coffins.sty
Package: l3coffins 2012/02/26 v3460 L3 Experimental coffin code layer
\l_coffin_internal_box=\box28
\l_coffin_internal_dim=\dimen117
\l_coffin_offset_x_dim=\dimen118
\l_coffin_offset_y_dim=\dimen119
\l_coffin_x_dim=\dimen120
\l_coffin_y_dim=\dimen121
\l_coffin_x_prime_dim=\dimen122
\l_coffin_y_prime_dim=\dimen123
\l_coffin_Depth_dim=\dimen124
\l_coffin_Height_dim=\dimen125
\l_coffin_TotalHeight_dim=\dimen126
\l_coffin_Width_dim=\dimen127
\c_empty_coffin=\box29
\l_coffin_aligned_coffin=\box30
\l_coffin_aligned_internal_coffin=\box31
\l_coffin_bounding_shift_dim=\dimen128
\l_coffin_left_corner_dim=\dimen129
\l_coffin_right_corner_dim=\dimen130
\l_coffin_bottom_corner_dim=\dimen131
\l_coffin_top_corner_dim=\dimen132
\l_coffin_scaled_total_height_dim=\dimen133
\l_coffin_scaled_width_dim=\dimen134
\l_coffin_display_coffin=\box32
\l_coffin_display_coord_coffin=\box33
\l_coffin_display_pole_coffin=\box34
\l_coffin_display_offset_dim=\dimen135
\l_coffin_display_x_dim=\dimen136
\l_coffin_display_y_dim=\dimen137
)
(D:\CTEX\MiKTeX\tex\latex\l3kernel\l3color.sty
Package: l3color 2011/09/07 v2776 L3 Experimental colour support
)
(D:\CTEX\MiKTeX\tex\latex\l3kernel\l3luatex.sty
Package: l3luatex 2012/02/09 v3355 L3 Experimental LuaTeX-specific functions
\g_cctab_allocate_int=\count158
\g_cctab_stack_int=\count159
))
(D:\CTEX\MiKTeX\tex\latex\etoolbox\etoolbox.sty
Package: etoolbox 2011/01/03 v2.1 e-TeX tools for LaTeX
\etb@tempcnta=\count160
)
(D:\CTEX\MiKTeX\tex\generic\oberdiek\ifpdf.sty
Package: ifpdf 2011/01/30 v2.3 Provides the ifpdf switch (HO)
Package ifpdf Info: pdfTeX in PDF mode is detected.
)
(D:\CTEX\MiKTeX\tex\generic\ifxetex\ifxetex.sty
Package: ifxetex 2010/09/12 v0.6 Provides ifxetex conditional
)
(D:\CTEX\MiKTeX\tex\latex\graphics\keyval.sty
Package: keyval 1999/03/16 v1.13 key=value parser (DPC)
\KV@toks@=\toks14
)
(D:\CTEX\MiKTeX\tex\latex\tools\indentfirst.sty
Package: indentfirst 1995/11/23 v1.03 Indent first paragraph (DPC)
)
(D:\CTEX\MiKTeX\tex\latex\base\fix-cm.sty
Package: fix-cm 2006/09/13 v1.1m fixes to LaTeX

(D:\CTEX\MiKTeX\tex\latex\base\ts1enc.def
File: ts1enc.def 2001/06/05 v3.0e (jk/car/fm) Standard LaTeX file
))
(D:\CTEX\MiKTeX\tex\latex\fancyhdr\fancyhdr.sty
\fancy@headwidth=\skip49
\f@ncyO@elh=\skip50
\f@ncyO@erh=\skip51
\f@ncyO@olh=\skip52
\f@ncyO@orh=\skip53
\f@ncyO@elf=\skip54
\f@ncyO@erf=\skip55
\f@ncyO@olf=\skip56
\f@ncyO@orf=\skip57
)
(D:\CTEX\MiKTeX\tex\latex\ctex\engine\ctex-cjk-engine.def
(D:\CTEX\MiKTeX\tex\latex\cjk\CJK.sty
Package: CJK 2008/12/29 4.8.2

(D:\CTEX\MiKTeX\tex\latex\cjk\mule\MULEenc.sty
Package: MULEenc 2008/12/29 4.8.2
)
(D:\CTEX\MiKTeX\tex\latex\cjk\CJK.enc
File: CJK.enc 2008/12/29 4.8.2
)
LaTeX Info: Redefining \selectfont on input line 756.
\CJK@indent=\box35
)
(D:\CTEX\CTeX\tex\latex\CJKpunct\CJKpunct.sty
Package: CJKpunct 2010/02/21 4.8.2-2
\CJKpunct@cnta=\count161
\CJKpunct@cntb=\count162
\CJKpunct@cntc=\count163
\CJKpunct@cntd=\count164
\CJKpunct@cnte=\count165

(D:\CTEX\CTeX\tex\latex\CJKpunct\CJKpunct.spa))
(D:\CTEX\MiKTeX\tex\latex\ctex\engine\ctex-cjk-common.def
(D:\CTEX\CTeX\tex\latex\CJK\CJKfntef.sty
Package: CJKfntef 2008/12/29 4.8.2

(D:\CTEX\MiKTeX\tex\latex\cjk\CJKulem.sty
Package: CJKulem 2008/12/29 4.8.2

(D:\CTEX\MiKTeX\tex\latex\ulem\ulem.sty
\UL@box=\box36
\UL@hyphenbox=\box37
\UL@skip=\skip58
\UL@hook=\toks15
\UL@height=\dimen138
\UL@pe=\count166
\UL@pixel=\dimen139
\ULC@box=\box38
Package: ulem 2011/03/18
\ULdepth=\dimen140
)
\UL@lastkern=\dimen141
\CJK@skip=\skip59
)
\CJK@fntefSkip=\skip60
\CJK@nest=\count167
\CJK@fntefDimen=\dimen142
\CJK@underdotBox=\box39
\CJK@ULbox=\box40
\CJK@underanyskip=\dimen143
)
\ccwd=\dimen144
)
(D:\CTEX\MiKTeX\tex\latex\ctex\fontset\ctex-cjk-winfonts.def
(D:\CTEX\MiKTeX\tex\generic\zhmetrics\zhwinfonts.tex
(D:\CTEX\MiKTeX\tex\generic\oberdiek\ifpdf.sty
Package ifpdf Info: The package is already loaded, stopped on input line 64.
){D:/CTEX/UserData/pdftex/config/pdftex.map{Unicode.sfd}{UGBK.sfd}})))
\CTEX@q=\count168
\CTEX@r=\count169
)
(D:\CTEX\MiKTeX\tex\latex\ctex\def\ctex-caption.def)
(D:\CTEX\MiKTeX\tex\latex\ctex\def\ctex-class.def)
(D:\CTEX\MiKTeX\tex\latex\ctex\def\ctex-book.def))
(D:\CTEX\MiKTeX\tex\latex\ctex\def\ctex-gbk.def)
(D:\CTEX\MiKTeX\tex\latex\ctex\cfg\ctexcap.cfg
(D:\CTEX\MiKTeX\tex\latex\ctex\cfg\ctexcap-gbk.cfg))
(D:\CTEX\MiKTeX\tex\latex\ctex\cfg\ctex.cfg)
("E:\Graduate\å¯¼èˆªæ¨¡å—_è¯¾é¢˜\BITè®ºæ–‡æ¨¡æ¿\æ¯•ä¸šè®ºæ–‡Final Veision - å
‰¯æœ¬\setup.tex" (D:\CTEX\MiKTeX\tex\latex\natbib\natbib.sty
Package: natbib 2010/09/13 8.31b (PWD, AO)
\bibhang=\skip61
\bibsep=\skip62
LaTeX Info: Redefining \cite on input line 694.
\c@NAT@ctr=\count170
)
(D:\CTEX\CTeX\tex\latex\hypernat\hypernat.sty
Package: hypernat 2001/07/09 v1.0b hyperref and natbib compatibility (jb)
)
(D:\CTEX\MiKTeX\tex\latex\amsfonts\amssymb.sty
Package: amssymb 2009/06/22 v3.00

(D:\CTEX\MiKTeX\tex\latex\amsfonts\amsfonts.sty
Package: amsfonts 2009/06/22 v3.00 Basic AMSFonts support
\@emptytoks=\toks16
\symAMSa=\mathgroup4
\symAMSb=\mathgroup5
LaTeX Font Info:    Overwriting math alphabet `\mathfrak' in version `bold'
(Font)                  U/euf/m/n --> U/euf/b/n on input line 96.
))
(D:\CTEX\MiKTeX\tex\latex\ams\math\amsmath.sty
Package: amsmath 2000/07/18 v2.13 AMS math features
\@mathmargin=\skip63

For additional information on amsmath, use the `?' option.
(D:\CTEX\MiKTeX\tex\latex\ams\math\amstext.sty
Package: amstext 2000/06/29 v2.01

(D:\CTEX\MiKTeX\tex\latex\ams\math\amsgen.sty
File: amsgen.sty 1999/11/30 v2.0
\@emptytoks=\toks17
\ex@=\dimen145
))
(D:\CTEX\MiKTeX\tex\latex\ams\math\amsbsy.sty
Package: amsbsy 1999/11/29 v1.2d
\pmbraise@=\dimen146
)
(D:\CTEX\MiKTeX\tex\latex\ams\math\amsopn.sty
Package: amsopn 1999/12/14 v2.01 operator names
)
\inf@bad=\count171
LaTeX Info: Redefining \frac on input line 211.
\uproot@=\count172
\leftroot@=\count173
LaTeX Info: Redefining \overline on input line 307.
\classnum@=\count174
\DOTSCASE@=\count175
LaTeX Info: Redefining \ldots on input line 379.
LaTeX Info: Redefining \dots on input line 382.
LaTeX Info: Redefining \cdots on input line 467.
\Mathstrutbox@=\box41
\strutbox@=\box42
\big@size=\dimen147
LaTeX Font Info:    Redeclaring font encoding OML on input line 567.
LaTeX Font Info:    Redeclaring font encoding OMS on input line 568.
\macc@depth=\count176
\c@MaxMatrixCols=\count177
\dotsspace@=\muskip10
\c@parentequation=\count178
\dspbrk@lvl=\count179
\tag@help=\toks18
\row@=\count180
\column@=\count181
\maxfields@=\count182
\andhelp@=\toks19
\eqnshift@=\dimen148
\alignsep@=\dimen149
\tagshift@=\dimen150
\tagwidth@=\dimen151
\totwidth@=\dimen152
\lineht@=\dimen153
\@envbody=\toks20
\multlinegap=\skip64
\multlinetaggap=\skip65
\mathdisplay@stack=\toks21
LaTeX Info: Redefining \[ on input line 2666.
LaTeX Info: Redefining \] on input line 2667.
)
(D:\CTEX\MiKTeX\tex\latex\fancyref\fancyref.sty
Package: fancyref 1999/02/03 v0.9c Fancy cross-referencing

(D:\CTEX\MiKTeX\tex\latex\tools\varioref.sty
Package: varioref 2011/10/02 v1.4z package for extended references (FMi)
\c@vrcnt=\count183
))
(D:\CTEX\MiKTeX\tex\latex\jknappen\mathrsfs.sty
Package: mathrsfs 1996/01/01 Math RSFS package v1.0 (jk)
\symrsfs=\mathgroup6
)
(D:\CTEX\MiKTeX\tex\latex\subfigure\subfigure.sty
Package: subfigure 2002/07/30 v2.1.4 subfigure package
\subfigtopskip=\skip66
\subfigcapskip=\skip67
\subfigcaptopadj=\dimen154
\subfigbottomskip=\skip68
\subfigcapmargin=\dimen155
\subfiglabelskip=\skip69
\c@subfigure=\count184
\c@lofdepth=\count185
\c@subtable=\count186
\c@lotdepth=\count187

****************************************
* Local config file subfigure.cfg used *
****************************************
(D:\CTEX\MiKTeX\tex\latex\subfigure\subfigure.cfg)
\subfig@top=\skip70
\subfig@bottom=\skip71
)
(D:\CTEX\MiKTeX\tex\latex\listings\listings.sty
\lst@mode=\count188
\lst@gtempboxa=\box43
\lst@token=\toks22
\lst@length=\count189
\lst@currlwidth=\dimen156
\lst@column=\count190
\lst@pos=\count191
\lst@lostspace=\dimen157
\lst@width=\dimen158
\lst@newlines=\count192
\lst@lineno=\count193
\lst@maxwidth=\dimen159

(D:\CTEX\MiKTeX\tex\latex\listings\lstmisc.sty
File: lstmisc.sty 2007/02/22 1.4 (Carsten Heinz)
\c@lstnumber=\count194
\lst@skipnumbers=\count195
\lst@framebox=\box44
)
(D:\CTEX\MiKTeX\tex\latex\listings\listings.cfg
File: listings.cfg 2007/02/22 1.4 listings configuration
))
Package: listings 2007/02/22 1.4 (Carsten Heinz)

(D:\CTEX\MiKTeX\tex\latex\geometry\geometry.sty
Package: geometry 2010/09/12 v5.6 Page Geometry

(D:\CTEX\MiKTeX\tex\generic\oberdiek\ifvtex.sty
Package: ifvtex 2010/03/01 v1.5 Switches for detecting VTeX and its modes (HO)
Package ifvtex Info: VTeX not detected.
)
\Gm@cnth=\count196
\Gm@cntv=\count197
\c@Gm@tempcnt=\count198
\Gm@bindingoffset=\dimen160
\Gm@wd@mp=\dimen161
\Gm@odd@mp=\dimen162
\Gm@even@mp=\dimen163
\Gm@layoutwidth=\dimen164
\Gm@layoutheight=\dimen165
\Gm@layouthoffset=\dimen166
\Gm@layoutvoffset=\dimen167
\Gm@dimlist=\toks23

(D:\CTEX\MiKTeX\tex\latex\geometry\geometry.cfg))
(D:\CTEX\MiKTeX\tex\latex\graphics\graphicx.sty
Package: graphicx 1999/02/16 v1.0f Enhanced LaTeX Graphics (DPC,SPQR)
\Gin@req@height=\dimen168
\Gin@req@width=\dimen169
)
(D:\CTEX\MiKTeX\tex\latex\threeparttable\threeparttable.sty
Package: threeparttable 2003/06/13  v 3.0
\@tempboxb=\box45
)
(D:\CTEX\MiKTeX\tex\latex\tools\dcolumn.sty
Package: dcolumn 2001/05/28 v1.06 decimal alignment package (DPC)

(D:\CTEX\MiKTeX\tex\latex\tools\array.sty
Package: array 2008/09/09 v2.4c Tabular extension package (FMi)
\col@sep=\dimen170
\extrarowheight=\dimen171
\NC@list=\toks24
\extratabsurround=\skip72
\backup@length=\skip73
))
(D:\CTEX\MiKTeX\tex\latex\multirow\multirow.sty
\bigstrutjot=\dimen172
)
(D:\CTEX\MiKTeX\tex\latex\booktabs\booktabs.sty
Package: booktabs 2005/04/14 v1.61803 publication quality tables
\heavyrulewidth=\dimen173
\lightrulewidth=\dimen174
\cmidrulewidth=\dimen175
\belowrulesep=\dimen176
\belowbottomsep=\dimen177
\aboverulesep=\dimen178
\abovetopsep=\dimen179
\cmidrulesep=\dimen180
\cmidrulekern=\dimen181
\defaultaddspace=\dimen182
\@cmidla=\count199
\@cmidlb=\count200
\@aboverulesep=\dimen183
\@belowrulesep=\dimen184
\@thisruleclass=\count201
Normal \count register pool exhausted, switching to extended pool.
\@lastruleclass=\count277
\@thisrulewidth=\dimen185
)
(D:\CTEX\MiKTeX\tex\latex\caption\caption.sty
Package: caption 2011/11/10 v3.2e Customizing captions (AR)

(D:\CTEX\MiKTeX\tex\latex\caption\caption3.sty
Package: caption3 2011/11/01 v1.4a caption3 kernel (AR)
\captionmargin=\dimen186
\captionmargin@=\dimen187
\captionwidth=\dimen188
\caption@indent=\dimen189
\caption@parindent=\dimen190
\caption@hangindent=\dimen191
Package caption Info: Unknown document class (or package),
(caption)             standard defaults will be used.
)

Package caption Warning: Unsupported document class (or package) detected,
(caption)                usage of the caption package is not recommended.
See the caption package documentation for explanation.

Package caption Info: \@makecaption = \long macro:#1#2->\vskip \abovecaptionski
p \sbox \@tempboxa {#1\CTEX@caption@delimiter #2}\ifdim \wd \@tempboxa >\hsize 
#1\CTEX@caption@delimiter #2\par \else \global \@minipagefalse \hb@xt@ \hsize {
\hfil \box \@tempboxa \hfil }\fi \vskip \belowcaptionskip .
\c@ContinuedFloat=\count278
Package caption Info: listings package is loaded.
Package caption Info: subfigure package is loaded.
Package caption Info: threeparttable package is loaded.
)
\c@theorem=\count279
\c@corollary=\count280
\c@property=\count281
\c@lemma=\count282
\c@example=\count283
\c@assumption=\count284
\c@problem=\count285
\c@definition=\count286
\c@remark=\count287
\c@notation=\count288
 (D:\CTEX\MiKTeX\tex\latex\tools\calc.sty
Package: calc 2007/08/22 v4.3 Infix arithmetic (KKT,FJ)
\calc@Acount=\count289
\calc@Bcount=\count290
\calc@Adimen=\dimen192
\calc@Bdimen=\dimen193
\calc@Askip=\skip74
\calc@Bskip=\skip75
LaTeX Info: Redefining \setlength on input line 76.
LaTeX Info: Redefining \addtolength on input line 77.
\calc@Ccount=\count291
\calc@Cskip=\skip76
)
\tmpfontsizelength=\skip77

(D:\CTEX\MiKTeX\tex\latex\titlesec\titlesec.sty
Package: titlesec 2011/12/15 v2.10.0 Sectioning titles
\ttl@box=\box46
\beforetitleunit=\skip78
\aftertitleunit=\skip79
\ttl@plus=\dimen194
\ttl@minus=\dimen195
\ttl@toksa=\toks25
\titlewidth=\dimen196
\titlewidthlast=\dimen197
\titlewidthfirst=\dimen198
)
(D:\CTEX\MiKTeX\tex\latex\titlesec\titletoc.sty
Package: titletoc 2011/12/15 v1.6 TOC entries
\ttl@leftsep=\dimen199
)
(D:\CTEX\MiKTeX\tex\latex\tocbibind\tocbibind.sty
Package: tocbibind 2010/10/13 v1.5k extra ToC listings
Package tocbibind Info: The document has chapter divisions on input line 50.


Package tocbibind Note: Using chapter style headings, unless overridden.

) (D:\CTEX\MiKTeX\tex\latex\hyperref\hyperref.sty
Package: hyperref 2012/02/06 v6.82o Hypertext links for LaTeX

(D:\CTEX\MiKTeX\tex\generic\oberdiek\hobsub-hyperref.sty
Package: hobsub-hyperref 2011/04/23 v1.4 Bundle oberdiek, subset hyperref (HO)

(D:\CTEX\MiKTeX\tex\generic\oberdiek\hobsub-generic.sty
Package: hobsub-generic 2011/04/23 v1.4 Bundle oberdiek, subset generic (HO)
Package: hobsub 2011/04/23 v1.4 Subsetting bundle oberdiek (HO)
Package hobsub Info: Skipping package `infwarerr' (already loaded).
Package hobsub Info: Skipping package `ltxcmds' (already loaded).
Package: ifluatex 2010/03/01 v1.3 Provides the ifluatex switch (HO)
Package ifluatex Info: LuaTeX not detected.
Package hobsub Info: Skipping package `ifvtex' (already loaded).
Package: intcalc 2007/09/27 v1.1 Expandable integer calculations (HO)
Package hobsub Info: Skipping package `ifpdf' (already loaded).
Package: etexcmds 2011/02/16 v1.5 Prefix for e-TeX command names (HO)
Package etexcmds Info: Could not find \expanded.
(etexcmds)             That can mean that you are not using pdfTeX 1.50 or
(etexcmds)             that some package has redefined \expanded.
(etexcmds)             In the latter case, load this package earlier.
Package: kvsetkeys 2011/04/07 v1.13 Key value parser (HO)
Package: kvdefinekeys 2011/04/07 v1.3 Defining keys (HO)
Package: pdftexcmds 2011/04/22 v0.16 Utilities of pdfTeX for LuaTeX (HO)
Package pdftexcmds Info: LuaTeX not detected.
Package pdftexcmds Info: \pdf@primitive is available.
Package pdftexcmds Info: \pdf@ifprimitive is available.
Package pdftexcmds Info: \pdfdraftmode found.
Package: pdfescape 2011/04/04 v1.12 Provides string conversions (HO)
Package: bigintcalc 2011/01/30 v1.2 Expandable big integer calculations (HO)
Package: bitset 2011/01/30 v1.1 Data type bit set (HO)
Package: uniquecounter 2011/01/30 v1.2 Provides unlimited unique counter (HO)
)
Package hobsub Info: Skipping package `hobsub' (already loaded).
Package: letltxmacro 2010/09/02 v1.4 Let assignment for LaTeX macros (HO)
Package: hopatch 2011/01/30 v1.0 Wrapper for package hooks (HO)
Package: xcolor-patch 2011/01/30 xcolor patch
Package: atveryend 2011/04/23 v1.7 Hooks at very end of document (HO)
Package: atbegshi 2011/01/30 v1.15 At begin shipout hook (HO)
Package: refcount 2010/12/01 v3.2 Data extraction from references (HO)
Package: hycolor 2011/01/30 v1.7 Color options of hyperref/bookmark (HO)
)
(D:\CTEX\MiKTeX\tex\latex\oberdiek\kvoptions.sty
Package: kvoptions 2010/12/23 v3.10 Keyval support for LaTeX options (HO)
)
\@linkdim=\dimen200
\Hy@linkcounter=\count292
\Hy@pagecounter=\count293

(D:\CTEX\MiKTeX\tex\latex\hyperref\pd1enc.def
File: pd1enc.def 2012/02/06 v6.82o Hyperref: PDFDocEncoding definition (HO)
)
\Hy@SavedSpaceFactor=\count294

(D:\CTEX\MiKTeX\tex\latex\00miktex\hyperref.cfg
File: hyperref.cfg 2002/06/06 v1.2 hyperref configuration of TeXLive
)
Package hyperref Info: Option `CJKbookmarks' set `true' on input line 3925.
Package hyperref Info: Option `colorlinks' set `true' on input line 3925.
Package hyperref Info: Hyper figures OFF on input line 4046.
Package hyperref Info: Link nesting OFF on input line 4051.
Package hyperref Info: Hyper index ON on input line 4054.
Package hyperref Info: Plain pages OFF on input line 4061.
Package hyperref Info: Backreferencing OFF on input line 4066.
Package hyperref Info: Implicit mode ON; LaTeX internals redefined.
Package hyperref Info: Bookmarks ON on input line 4284.
\c@Hy@tempcnt=\count295

(D:\CTEX\MiKTeX\tex\latex\ltxmisc\url.sty
\Urlmuskip=\muskip11
Package: url 2006/04/12  ver 3.3  Verb mode for urls, etc.
)
LaTeX Info: Redefining \url on input line 4637.
\Fld@menulength=\count296
\Field@Width=\dimen201
Normal \dimen register pool exhausted, switching to extended pool.
\Fld@charsize=\dimen256
Package hyperref Info: Hyper figures OFF on input line 5757.
Package hyperref Info: Link nesting OFF on input line 5762.
Package hyperref Info: Hyper index ON on input line 5765.
Package hyperref Info: backreferencing OFF on input line 5772.
Package hyperref Info: Link coloring ON on input line 5775.
Package hyperref Info: Link coloring with OCG OFF on input line 5782.
Package hyperref Info: PDF/A mode OFF on input line 5787.
LaTeX Info: Redefining \ref on input line 5827.
LaTeX Info: Redefining \pageref on input line 5831.
\Hy@abspage=\count297
\c@Item=\count298
\c@Hfootnote=\count299
)

Package hyperref Message: Driver: hpdftex.

(D:\CTEX\MiKTeX\tex\latex\hyperref\hpdftex.def
File: hpdftex.def 2012/02/06 v6.82o Hyperref driver for pdfTeX
\Fld@listcount=\count300
\c@bookmark@seq@number=\count301

(D:\CTEX\MiKTeX\tex\latex\oberdiek\rerunfilecheck.sty
Package: rerunfilecheck 2011/04/15 v1.7 Rerun checks for auxiliary files (HO)
Package uniquecounter Info: New unique counter `rerunfilecheck' on input line 2
82.
)
\Hy@SectionHShift=\skip80
)
Package hyperref Info: Option `CJKbookmarks' set `true' on input line 227.


Package hyperref Warning: Option `bookmarks' has already been used,
(hyperref)                setting the option has no effect on input line 227.

Package hyperref Info: Option `bookmarksopen' set `true' on input line 227.
Package hyperref Info: Option `colorlinks' set `true' on input line 227.
)
("E:\Graduate\å¯¼èˆªæ¨¡å—_è¯¾é¢˜\BITè®ºæ–‡æ¨¡æ¿\æ¯•ä¸šè®ºæ–‡Final Veision - å
‰¯æœ¬\Thesis_of_YULONG_GAO.aux"
("E:\Graduate\å¯¼èˆªæ¨¡å—_è¯¾é¢˜\BITè®ºæ–‡æ¨¡æ¿\æ¯•ä¸šè®ºæ–‡Final Veision - å
‰¯æœ¬\chapter/chapter1.aux"

LaTeX Warning: Label `initial_condition' multiply defined.


LaTeX Warning: Label `model' multiply defined.


LaTeX Warning: Label `state_constraint' multiply defined.


LaTeX Warning: Label `input_constraint' multiply defined.


LaTeX Warning: Label `interminal_constraint' multiply defined.


LaTeX Warning: Label `initial_condition' multiply defined.


LaTeX Warning: Label `model' multiply defined.


LaTeX Warning: Label `state_constraint' multiply defined.


LaTeX Warning: Label `input_constraint' multiply defined.


LaTeX Warning: Label `interminal_constraint' multiply defined.


LaTeX Warning: Label `initial_condition' multiply defined.


LaTeX Warning: Label `model' multiply defined.


LaTeX Warning: Label `state_constraint' multiply defined.


LaTeX Warning: Label `input_constraint' multiply defined.


LaTeX Warning: Label `interminal_constraint' multiply defined.


LaTeX Warning: Label `initial_condition' multiply defined.


LaTeX Warning: Label `model' multiply defined.


LaTeX Warning: Label `state_constraint' multiply defined.


LaTeX Warning: Label `input_constraint' multiply defined.


LaTeX Warning: Label `interminal_constraint' multiply defined.

)
("E:\Graduate\å¯¼èˆªæ¨¡å—_è¯¾é¢˜\BITè®ºæ–‡æ¨¡æ¿\æ¯•ä¸šè®ºæ–‡Final Veision - å
‰¯æœ¬\chapter/chapter2.aux"

LaTeX Warning: Label `chap1_coupled constraints' multiply defined.

)
("E:\Graduate\å¯¼èˆªæ¨¡å—_è¯¾é¢˜\BITè®ºæ–‡æ¨¡æ¿\æ¯•ä¸šè®ºæ–‡Final Veision - å
‰¯æœ¬\chapter/chapter3.aux"

LaTeX Warning: Label `chap2_Remark 1' multiply defined.

)
("E:\Graduate\å¯¼èˆªæ¨¡å—_è¯¾é¢˜\BITè®ºæ–‡æ¨¡æ¿\æ¯•ä¸šè®ºæ–‡Final Veision - å
‰¯æœ¬\chapter/chapter4.aux"

LaTeX Warning: Label `chap3_desired position' multiply defined.

)
("E:\Graduate\å¯¼èˆªæ¨¡å—_è¯¾é¢˜\BITè®ºæ–‡æ¨¡æ¿\æ¯•ä¸šè®ºæ–‡Final Veision - å
‰¯æœ¬\chapter/chapter5.aux")
("E:\Graduate\å¯¼èˆªæ¨¡å—_è¯¾é¢˜\BITè®ºæ–‡æ¨¡æ¿\æ¯•ä¸šè®ºæ–‡Final Veision - å
‰¯æœ¬\chapter/chap-bibs.aux")
("E:\Graduate\å¯¼èˆªæ¨¡å—_è¯¾é¢˜\BITè®ºæ–‡æ¨¡æ¿\æ¯•ä¸šè®ºæ–‡Final Veision - å
‰¯æœ¬\chapter/chap-pubs.aux")
("E:\Graduate\å¯¼èˆªæ¨¡å—_è¯¾é¢˜\BITè®ºæ–‡æ¨¡æ¿\æ¯•ä¸šè®ºæ–‡Final Veision - å
‰¯æœ¬\chapter/chap-ack.aux"))
LaTeX Font Info:    Checking defaults for OML/cmm/m/it on input line 8.
LaTeX Font Info:    ... okay on input line 8.
LaTeX Font Info:    Checking defaults for T1/cmr/m/n on input line 8.
LaTeX Font Info:    ... okay on input line 8.
LaTeX Font Info:    Checking defaults for OT1/cmr/m/n on input line 8.
LaTeX Font Info:    ... okay on input line 8.
LaTeX Font Info:    Checking defaults for OMS/cmsy/m/n on input line 8.
LaTeX Font Info:    ... okay on input line 8.
LaTeX Font Info:    Checking defaults for OMX/cmex/m/n on input line 8.
LaTeX Font Info:    ... okay on input line 8.
LaTeX Font Info:    Checking defaults for U/cmr/m/n on input line 8.
LaTeX Font Info:    ... okay on input line 8.
LaTeX Font Info:    Checking defaults for TS1/cmr/m/n on input line 8.
LaTeX Font Info:    ... okay on input line 8.
LaTeX Font Info:    Checking defaults for C00/song/m/n on input line 8.
LaTeX Font Info:    ... okay on input line 8.
LaTeX Font Info:    Checking defaults for C05/song/m/n on input line 8.
LaTeX Font Info:    ... okay on input line 8.
LaTeX Font Info:    Checking defaults for C09/song/m/n on input line 8.
LaTeX Font Info:    ... okay on input line 8.
LaTeX Font Info:    Checking defaults for C10/song/m/n on input line 8.
LaTeX Font Info:    ... okay on input line 8.
LaTeX Font Info:    Checking defaults for C20/song/m/n on input line 8.
LaTeX Font Info:    ... okay on input line 8.
LaTeX Font Info:    Checking defaults for C19/song/m/n on input line 8.
LaTeX Font Info:    ... okay on input line 8.
LaTeX Font Info:    Checking defaults for C40/song/m/n on input line 8.
LaTeX Font Info:    ... okay on input line 8.
LaTeX Font Info:    Checking defaults for C42/song/m/n on input line 8.
LaTeX Font Info:    ... okay on input line 8.
LaTeX Font Info:    Checking defaults for C43/song/m/n on input line 8.
LaTeX Font Info:    ... okay on input line 8.
LaTeX Font Info:    Checking defaults for C50/song/m/n on input line 8.
LaTeX Font Info:    ... okay on input line 8.
LaTeX Font Info:    Checking defaults for C52/song/m/n on input line 8.
LaTeX Font Info:    ... okay on input line 8.
LaTeX Font Info:    Checking defaults for C49/song/m/n on input line 8.
LaTeX Font Info:    ... okay on input line 8.
LaTeX Font Info:    Checking defaults for C60/mj/m/n on input line 8.
LaTeX Font Info:    ... okay on input line 8.
LaTeX Font Info:    Checking defaults for C61/mj/m/n on input line 8.
LaTeX Font Info:    ... okay on input line 8.
LaTeX Font Info:    Checking defaults for C63/mj/m/n on input line 8.
LaTeX Font Info:    ... okay on input line 8.
LaTeX Font Info:    Checking defaults for C64/mj/m/n on input line 8.
LaTeX Font Info:    ... okay on input line 8.
LaTeX Font Info:    Checking defaults for C65/mj/m/n on input line 8.
LaTeX Font Info:    ... okay on input line 8.
LaTeX Font Info:    Checking defaults for C70/song/m/n on input line 8.
LaTeX Font Info:    ... okay on input line 8.
LaTeX Font Info:    Checking defaults for C31/song/m/n on input line 8.
LaTeX Font Info:    ... okay on input line 8.
LaTeX Font Info:    Checking defaults for C32/song/m/n on input line 8.
LaTeX Font Info:    ... okay on input line 8.
LaTeX Font Info:    Checking defaults for C33/song/m/n on input line 8.
LaTeX Font Info:    ... okay on input line 8.
LaTeX Font Info:    Checking defaults for C34/song/m/n on input line 8.
LaTeX Font Info:    ... okay on input line 8.
LaTeX Font Info:    Checking defaults for C35/song/m/n on input line 8.
LaTeX Font Info:    ... okay on input line 8.
LaTeX Font Info:    Checking defaults for C36/song/m/n on input line 8.
LaTeX Font Info:    ... okay on input line 8.
LaTeX Font Info:    Checking defaults for C37/song/m/n on input line 8.
LaTeX Font Info:    ... okay on input line 8.
LaTeX Font Info:    Checking defaults for C80/song/m/n on input line 8.
LaTeX Font Info:    ... okay on input line 8.
LaTeX Font Info:    Checking defaults for C81/song/m/n on input line 8.
LaTeX Font Info:    ... okay on input line 8.
LaTeX Font Info:    Checking defaults for C01/song/m/n on input line 8.
LaTeX Font Info:    ... okay on input line 8.
LaTeX Font Info:    Checking defaults for C11/song/m/n on input line 8.
LaTeX Font Info:    ... okay on input line 8.
LaTeX Font Info:    Checking defaults for C21/song/m/n on input line 8.
LaTeX Font Info:    ... okay on input line 8.
LaTeX Font Info:    Checking defaults for C41/song/m/n on input line 8.
LaTeX Font Info:    ... okay on input line 8.
LaTeX Font Info:    Checking defaults for C62/song/m/n on input line 8.
LaTeX Font Info:    ... okay on input line 8.
LaTeX Font Info:    Checking defaults for PD1/pdf/m/n on input line 8.
LaTeX Font Info:    ... okay on input line 8.
 (D:\CTEX\MiKTeX\tex\context\base\supp-pdf.mkii
[Loading MPS to PDF converter (version 2006.09.02).]
\scratchcounter=\count302
\scratchdimen=\dimen257
\scratchbox=\box47
\nofMPsegments=\count303
\nofMParguments=\count304
\everyMPshowfont=\toks26
\MPscratchCnt=\count305
\MPscratchDim=\dimen258
\MPnumerator=\count306
\makeMPintoPDFobject=\count307
\everyMPtoPDFconversion=\toks27
)
\c@lstlisting=\count308

*geometry* driver: auto-detecting
*geometry* detected driver: pdftex
*geometry* verbose mode - [ preamble ] result:
* driver: pdftex
* paper: <default>
* layout: <same size as paper>
* layoutoffset:(h,v)=(0.0pt,0.0pt)
* modes: twoside 
* h-part:(L,W,R)=(76.82234pt, 460.65031pt, 76.82234pt)
* v-part:(T,H,B)=(99.58464pt, 624.25346pt, 71.13188pt)
* \paperwidth=614.295pt
* \paperheight=794.96999pt
* \textwidth=460.65031pt
* \textheight=624.25346pt
* \oddsidemargin=4.55235pt
* \evensidemargin=4.55235pt
* \topmargin=-63.69102pt
* \headheight=71.13188pt
* \headsep=19.8738pt
* \topskip=12.0pt
* \footskip=51.21504pt
* \marginparwidth=98.0pt
* \marginparsep=7.0pt
* \columnsep=10.0pt
* \skip\footins=10.8pt plus 4.0pt minus 2.0pt
* \hoffset=0.0pt
* \voffset=0.0pt
* \mag=1000
* \@twocolumnfalse
* \@twosidetrue
* \@mparswitchtrue
* \@reversemarginfalse
* (1in=72.27pt=25.4mm, 1cm=28.453pt)

Package caption Info: Begin \AtBeginDocument code.
Package caption Info: hyperref package is loaded.
Package caption Info: End \AtBeginDocument code.
\AtBeginShipoutBox=\box48
Package hyperref Info: Link coloring ON on input line 8.
(D:\CTEX\MiKTeX\tex\latex\hyperref\nameref.sty
Package: nameref 2010/04/30 v2.40 Cross-referencing by name of section

(D:\CTEX\MiKTeX\tex\generic\oberdiek\gettitlestring.sty
Package: gettitlestring 2010/12/03 v1.4 Cleanup title references (HO)
)
\c@section@level=\count309
LaTeX Info: Redefining \Ref on input line 498.
)
LaTeX Info: Redefining \ref on input line 8.
LaTeX Info: Redefining \pageref on input line 8.
LaTeX Info: Redefining \nameref on input line 8.

("E:\Graduate\å¯¼èˆªæ¨¡å—_è¯¾é¢˜\BITè®ºæ–‡æ¨¡æ¿\æ¯•ä¸šè®ºæ–‡Final Veision - å
‰¯æœ¬\Thesis_of_YULONG_GAO.out")
("E:\Graduate\å¯¼èˆªæ¨¡å—_è¯¾é¢˜\BITè®ºæ–‡æ¨¡æ¿\æ¯•ä¸šè®ºæ–‡Final Veision - å
‰¯æœ¬\Thesis_of_YULONG_GAO.out")
\@outlinefile=\write3
LaTeX Info: Redefining \Ref on input line 8.
 (D:\CTEX\MiKTeX\tex\latex\cjk\standard.bdg
File: standard.bdg 2008/12/29 4.8.2
)
(D:\CTEX\MiKTeX\tex\latex\cjk\extended.enc
File: extended.enc 2008/12/29 4.8.2
)
(D:\CTEX\MiKTeX\tex\latex\cjk\extended.chr
File: extended.chr 2008/12/29 4.8.2
)
("E:\Graduate\å¯¼èˆªæ¨¡å—_è¯¾é¢˜\BITè®ºæ–‡æ¨¡æ¿\æ¯•ä¸šè®ºæ–‡Final Veision - å
‰¯æœ¬\chapter/chap-abstract.tex"
LaTeX Font Info:    Try loading font information for C19+zhhei on input line 11
.

(D:\CTEX\MiKTeX\tex\latex\zhmetrics\c19zhhei.fd
File: c19zhhei.fd 2009/09/23 4.8.2
)
LaTeX Font Info:    Try loading font information for C19+rm on input line 12.

(D:\CTEX\MiKTeX\tex\latex\ctex\fd\c19rm.fd
File: c19rm.fd 2007/05/06 v0.8a ctex font definition file
)
Package CJKpunct Info: punctuation spaces for family 'zhsong' do not exist. Use
 family 'def' instead. on input line 12.
LaTeX Font Info:    Try loading font information for C19+zhsong on input line 3
3.

(D:\CTEX\MiKTeX\tex\latex\zhmetrics\c19zhsong.fd
File: c19zhsong.fd 2009/09/23 4.8.2
) [1


] [2]
LaTeX Font Info:    Try loading font information for U+msa on input line 44.

(D:\CTEX\MiKTeX\tex\latex\amsfonts\umsa.fd
File: umsa.fd 2009/06/22 v3.00 AMS symbols A
)
LaTeX Font Info:    Try loading font information for U+msb on input line 44.

(D:\CTEX\MiKTeX\tex\latex\amsfonts\umsb.fd
File: umsb.fd 2009/06/22 v3.00 AMS symbols B
)
LaTeX Font Info:    Try loading font information for U+rsfs on input line 44.

(D:\CTEX\MiKTeX\tex\latex\jknappen\ursfs.fd
File: ursfs.fd 1998/03/24 rsfs font definition file (jk)
) [3] [4])
("E:\Graduate\å¯¼èˆªæ¨¡å—_è¯¾é¢˜\BITè®ºæ–‡æ¨¡æ¿\æ¯•ä¸šè®ºæ–‡Final Veision - å
‰¯æœ¬\Thesis_of_YULONG_GAO.toc" [5

]
Overfull \hbox (193.56537pt too wide) in paragraph at lines 55--55
[]|[][][] 
 []

)
\tf@toc=\write4
 [6]
("E:\Graduate\å¯¼èˆªæ¨¡å—_è¯¾é¢˜\BITè®ºæ–‡æ¨¡æ¿\æ¯•ä¸šè®ºæ–‡Final Veision - å
‰¯æœ¬\chapter/chapter1.tex"
µÚ1\ignorespaces ÕÂ


pdfTeX warning: pdflatex.exe (file E:/Graduate/å¯¼èˆªæ¨¡å—_è¯¾é¢˜/BITè®ºæ–‡æ¨¡
æ¿/æ¯•ä¸šè®ºæ–‡Final Veision - å‰¯æœ¬/figures/chap1_robocup.pdf): PDF inclusio
n: found PDF version <1.6>, but at most version <1.5> allowed
<figures/chap1_robocup.pdf, id=406, 602.25pt x 336.25626pt>
File: figures/chap1_robocup.pdf Graphic file (type pdf)

<use figures/chap1_robocup.pdf>
Package pdftex.def Info: figures/chap1_robocup.pdf used on input line 11.
(pdftex.def)             Requested size: 276.39299pt x 154.32571pt.
 [1




]

pdfTeX warning: pdflatex.exe (file E:/Graduate/å¯¼èˆªæ¨¡å—_è¯¾é¢˜/BITè®ºæ–‡æ¨¡
æ¿/æ¯•ä¸šè®ºæ–‡Final Veision - å‰¯æœ¬/figures/chap1_UAV.pdf): PDF inclusion: f
ound PDF version <1.6>, but at most version <1.5> allowed
<figures/chap1_UAV.pdf, id=433, 575.14874pt x 421.575pt>
File: figures/chap1_UAV.pdf Graphic file (type pdf)

<use figures/chap1_UAV.pdf>
Package pdftex.def Info: figures/chap1_UAV.pdf used on input line 24.
(pdftex.def)             Requested size: 276.39299pt x 202.59813pt.
 [2 <E:/Graduate/å¯¼èˆªæ¨¡å—_è¯¾é¢˜/BITè®ºæ–‡æ¨¡æ¿/æ¯•ä¸šè®ºæ–‡Final Veision 
- å‰¯æœ¬/figures/chap1_robocup.pdf> <E:/Graduate/å¯¼èˆªæ¨¡å—_è¯¾é¢˜/BITè®ºæ–‡æ
¨¡æ¿/æ¯•ä¸šè®ºæ–‡Final Veision - å‰¯æœ¬/figures/chap1_UAV.pdf>] [3] [4]

pdfTeX warning: pdflatex.exe (file E:/Graduate/å¯¼èˆªæ¨¡å—_è¯¾é¢˜/BITè®ºæ–‡æ¨¡
æ¿/æ¯•ä¸šè®ºæ–‡Final Veision - å‰¯æœ¬/figures/chap1_MPC.pdf): PDF inclusion: f
ound PDF version <1.6>, but at most version <1.5> allowed
<figures/chap1_MPC.pdf, id=513, 562.74242pt x 573.34201pt>
File: figures/chap1_MPC.pdf Graphic file (type pdf)

<use figures/chap1_MPC.pdf>
Package pdftex.def Info: figures/chap1_MPC.pdf used on input line 84.
(pdftex.def)             Requested size: 368.52165pt x 375.47615pt.
 [5 <E:/Graduate/å¯¼èˆªæ¨¡å—_è¯¾é¢˜/BITè®ºæ–‡æ¨¡æ¿/æ¯•ä¸šè®ºæ–‡Final Veision 
- å‰¯æœ¬/figures/chap1_MPC.pdf>]

pdfTeX warning: pdflatex.exe (file E:/Graduate/å¯¼èˆªæ¨¡å—_è¯¾é¢˜/BITè®ºæ–‡æ¨¡
æ¿/æ¯•ä¸šè®ºæ–‡Final Veision - å‰¯æœ¬/figures/chap1_deterministic_MPC.pdf): PD
F inclusion: found PDF version <1.6>, but at most version <1.5> allowed
<figures/chap1_deterministic_MPC.pdf, id=527, 497.6994pt x 298.23419pt>
File: figures/chap1_deterministic_MPC.pdf Graphic file (type pdf)

<use figures/chap1_deterministic_MPC.pdf>
Package pdftex.def Info: figures/chap1_deterministic_MPC.pdf used on input line
 104.
(pdftex.def)             Requested size: 368.52165pt x 220.83092pt.
 [6]
Underfull \vbox (badness 10000) has occurred while \output is active []

 [7 <E:/Graduate/å¯¼èˆªæ¨¡å—_è¯¾é¢˜/BITè®ºæ–‡æ¨¡æ¿/æ¯•ä¸šè®ºæ–‡Final Veision 
- å‰¯æœ¬/figures/chap1_deterministic_MPC.pdf>] [8]

pdfTeX warning: pdflatex.exe (file E:/Graduate/å¯¼èˆªæ¨¡å—_è¯¾é¢˜/BITè®ºæ–‡æ¨¡
æ¿/æ¯•ä¸šè®ºæ–‡Final Veision - å‰¯æœ¬/figures/chap1_CMPC.pdf): PDF inclusion: 
found PDF version <1.6>, but at most version <1.5> allowed
<figures/chap1_CMPC.pdf, id=582, 303.98569pt x 205.22673pt>
File: figures/chap1_CMPC.pdf Graphic file (type pdf)

<use figures/chap1_CMPC.pdf>
Package pdftex.def Info: figures/chap1_CMPC.pdf used on input line 167.
(pdftex.def)             Requested size: 230.32515pt x 155.4948pt.
 [9 <E:/Graduate/å¯¼èˆªæ¨¡å—_è¯¾é¢˜/BITè®ºæ–‡æ¨¡æ¿/æ¯•ä¸šè®ºæ–‡Final Veision 
- å‰¯æœ¬/figures/chap1_CMPC.pdf>]

pdfTeX warning: pdflatex.exe (file E:/Graduate/å¯¼èˆªæ¨¡å—_è¯¾é¢˜/BITè®ºæ–‡æ¨¡
æ¿/æ¯•ä¸šè®ºæ–‡Final Veision - å‰¯æœ¬/figures/chap1_decentralized_MPC.pdf): PD
F inclusion: found PDF version <1.6>, but at most version <1.5> allowed
<figures/chap1_decentralized_MPC.pdf, id=597, 304.94928pt x 205.70853pt>
File: figures/chap1_decentralized_MPC.pdf Graphic file (type pdf)

<use figures/chap1_decentralized_MPC.pdf>
Package pdftex.def Info: figures/chap1_decentralized_MPC.pdf used on input line
 191.
(pdftex.def)             Requested size: 230.32515pt x 155.37332pt.
 [10 <E:/Graduate/å¯¼èˆªæ¨¡å—_è¯¾é¢˜/BITè®ºæ–‡æ¨¡æ¿/æ¯•ä¸šè®ºæ–‡Final Veision
 - å‰¯æœ¬/figures/chap1_decentralized_MPC.pdf>]

pdfTeX warning: pdflatex.exe (file E:/Graduate/å¯¼èˆªæ¨¡å—_è¯¾é¢˜/BITè®ºæ–‡æ¨¡
æ¿/æ¯•ä¸šè®ºæ–‡Final Veision - å‰¯æœ¬/figures/chap1_DMPC.pdf): PDF inclusion: 
found PDF version <1.6>, but at most version <1.5> allowed
<figures/chap1_DMPC.pdf, id=616, 304.94928pt x 204.74492pt>
File: figures/chap1_DMPC.pdf Graphic file (type pdf)

<use figures/chap1_DMPC.pdf>
Package pdftex.def Info: figures/chap1_DMPC.pdf used on input line 228.
(pdftex.def)             Requested size: 230.32515pt x 154.64551pt.
 [11] [12 <E:/Graduate/å¯¼èˆªæ¨¡å—_è¯¾é¢˜/BITè®ºæ–‡æ¨¡æ¿/æ¯•ä¸šè®ºæ–‡Final Ve
ision - å‰¯æœ¬/figures/chap1_DMPC.pdf>] [13]
[14]
Package CJKpunct Info: punctuation spaces for family 'zhkai' do not exist. Use 
family 'def' instead. on input line 292.
 [15]
Overfull \hbox (13.5244pt too wide) in paragraph at lines 351--352
[] |\C19/rm/m/it/12/26 £|\OT1/cmr/m/it/12 Lipschitz\C19/rm/m/it/12/48 ë \C19/rm
/m/it/12/60 Y \C19/rm/m/it/12/43 ¼ \C19/rm/m/it/12/55 ê|\C19/rm/m/it/12/26 ¤| \
C19/rm/m/it/12/43 ¼ \C19/rm/m/it/12/55 ê$\OML/cmm/m/it/12 f$\C19/rm/m/it/12/40 
 ½ \C19/rm/m/it/12/61 Â \C19/rm/m/it/12/62  \C19/rm/m/it/12/58 $\OMS/cmsy/m/
n/12 D  \U/msb/m/n/12 R[]$|\C19/rm/m/it/12/26 §| \C19/rm/m/it/12/54 X \C19/rm/
m/it/12/43 J \C19/rm/m/it/12/40 é \C19/rm/m/it/12/62 u \C19/rm/m/it/12/54 ? \C1
9/rm/m/it/12/61 ¿ \C19/rm/m/it/12/40 $\OT1/cmr/m/n/12 (\OML/cmm/m/it/12 x[]; x
[]\OT1/cmr/m/n/12 ) \OMS/cmsy/m/n/12 2$
 []

[16] [17]) [18]
("E:\Graduate\å¯¼èˆªæ¨¡å—_è¯¾é¢˜\BITè®ºæ–‡æ¨¡æ¿\æ¯•ä¸šè®ºæ–‡Final Veision - å
‰¯æœ¬\chapter/chapter2.tex"
µÚ2\ignorespaces ÕÂ
[19



]
LaTeX Font Info:    Try loading font information for OMS+cmr on input line 44.
 (D:\CTEX\MiKTeX\tex\latex\base\omscmr.fd
File: omscmr.fd 1999/05/25 v2.5h Standard LaTeX font definitions
)
LaTeX Font Info:    Font shape `OMS/cmr/m/n' in size <12> not available
(Font)              Font shape `OMS/cmsy/m/n' tried instead on input line 44.
 [20] [21] [22] [23] [24]
[25]
Overfull \hbox (5.51843pt too wide) in paragraph at lines 279--280
[]\C19/zhsong/m/n/12/53 ¦ \C19/zhsong/m/n/12/46 ) \C19/rm/bx/n/12/58 ¯ \C19/rm/
bx/n/12/57 K\OT1/cmr/bx/n/12 1|\C19/rm/m/n/12/26 §| \C19/zhsong/m/n/12/40   \
C19/zhsong/m/n/12/65  \C19/zhsong/m/n/12/62 ` \C19/zhsong/m/n/12/47 › \C19/zhs
ong/m/n/12/64 › \C19/zhsong/m/n/12/55 Ñ \C19/zhsong/m/n/12/54 \$\OML/cmm/m/it/1
2 u[]\OT1/cmr/m/n/12 (\OML/cmm/m/it/12 \OMS/cmsy/m/n/12 j\OML/cmm/m/it/12 t[]\
OT1/cmr/m/n/12 )$\C19/zhsong/m/n/12/43 Ú \C19/zhsong/m/n/12/65  \C19/zhsong/m/
n/12/62 ` \C19/zhsong/m/n/12/65 G \C19/zhsong/m/n/12/57  \C19/zhsong/m/n/12/43
 ; \C19/zhsong/m/n/12/45 ,$\OML/cmm/m/it/12 x[]\OT1/cmr/m/n/12 (\OML/cmm/m/it/1
2 \OMS/cmsy/m/n/12 j\OML/cmm/m/it/12 t[]\OT1/cmr/m/n/12 )$|\C19/rm/m/n/12/26 §
| $\OML/cmm/m/it/12  \OMS/cmsy/m/n/12 2 \OT1/cmr/m/n/12 [\OML/cmm/m/it/12 t[];
 t[] \OT1/cmr/m/n/12 +$
 []

[26] [27] [28pdfTeX warning (ext4): destination with the same identifier (name{
equation.2.4.25}) has been already used, duplicate ignored

\AtBegShi@Output ...ipout \box \AtBeginShipoutBox 
                                                  \fi \fi 
l.339 \end{eqnarray}
                    pdfTeX warning (ext4): destination with the same identifier
 (name{equation.2.4.26}) has been already used, duplicate ignored

\AtBegShi@Output ...ipout \box \AtBeginShipoutBox 
                                                  \fi \fi 
l.339 \end{eqnarray}
                    ]
<figures/chap2_state_com.pdf, id=910, 597.23125pt x 845.1575pt>
File: figures/chap2_state_com.pdf Graphic file (type pdf)

<use figures/chap2_state_com.pdf>
Package pdftex.def Info: figures/chap2_state_com.pdf used on input line 375.
(pdftex.def)             Requested size: 414.58246pt x 586.69283pt.

<figures/chap2_input_com.pdf, id=911, 597.23125pt x 845.1575pt>
File: figures/chap2_input_com.pdf Graphic file (type pdf)

<use figures/chap2_input_com.pdf>
Package pdftex.def Info: figures/chap2_input_com.pdf used on input line 384.
(pdftex.def)             Requested size: 414.58246pt x 586.69283pt.

<figures/chap2_constraint_com.pdf, id=912, 597.23125pt x 845.1575pt>
File: figures/chap2_constraint_com.pdf Graphic file (type pdf)

<use figures/chap2_constraint_com.pdf>
Package pdftex.def Info: figures/chap2_constraint_com.pdf used on input line 39
2.
(pdftex.def)             Requested size: 414.58246pt x 586.69283pt.
 [29]

LaTeX Warning: Text page 30 contains only floats.

[30 <E:/Graduate/å¯¼èˆªæ¨¡å—_è¯¾é¢˜/BITè®ºæ–‡æ¨¡æ¿/æ¯•ä¸šè®ºæ–‡Final Veision 
- å‰¯æœ¬/figures/chap2_state_com.pdf>]

LaTeX Warning: Text page 31 contains only floats.

[31 <E:/Graduate/å¯¼èˆªæ¨¡å—_è¯¾é¢˜/BITè®ºæ–‡æ¨¡æ¿/æ¯•ä¸šè®ºæ–‡Final Veision 
- å‰¯æœ¬/figures/chap2_input_com.pdf>]

LaTeX Warning: Text page 32 contains only floats.

[32 <E:/Graduate/å¯¼èˆªæ¨¡å—_è¯¾é¢˜/BITè®ºæ–‡æ¨¡æ¿/æ¯•ä¸šè®ºæ–‡Final Veision 
- å‰¯æœ¬/figures/chap2_constraint_com.pdf>]
<figures/chap2_cost_distr.pdf, id=952, 597.23125pt x 845.1575pt>
File: figures/chap2_cost_distr.pdf Graphic file (type pdf)

<use figures/chap2_cost_distr.pdf>
Package pdftex.def Info: figures/chap2_cost_distr.pdf used on input line 469.
(pdftex.def)             Requested size: 299.41989pt x 423.71257pt.
)
Underfull \vbox (badness 2600) has occurred while \output is active []

 [33 <E:/Graduate/å¯¼èˆªæ¨¡å—_è¯¾é¢˜/BITè®ºæ–‡æ¨¡æ¿/æ¯•ä¸šè®ºæ–‡Final Veision
 - å‰¯æœ¬/figures/chap2_cost_distr.pdf>] [34]
("E:\Graduate\å¯¼èˆªæ¨¡å—_è¯¾é¢˜\BITè®ºæ–‡æ¨¡æ¿\æ¯•ä¸šè®ºæ–‡Final Veision - å
‰¯æœ¬\chapter/chapter3.tex"
µÚ3\ignorespaces ÕÂ
pdfTeX warning (ext4): destination with the same identifier (name{notation.1}) 
has been already used, duplicate ignored
<to be read again> 
                   \relax 
l.18 \begin{notation}
                      [35



] [36] [37]
Overfull \hbox (12.85422pt too wide) in paragraph at lines 136--138
[]\C19/zhsong/m/n/12/49 -$\OML/cmm/m/it/12 []\OT1/cmr/m/n/12 (\OML/cmm/m/it/12
 t[]\OT1/cmr/m/n/12 ) = [] [] \OMS/cmsy/m/n/12 k[]\OT1/cmr/m/n/12 (\OML/cmm/m/i
t/12 \OMS/cmsy/m/n/12 j\OML/cmm/m/it/12 t[]\OT1/cmr/m/n/12 ) \OMS/cmsy/m/n/12 
  []\OT1/cmr/m/n/12 (\OML/cmm/m/it/12 \OMS/cmsy/m/n/12 j\OML/cmm/m/it/12 t[]\O
T1/cmr/m/n/12 )\OMS/cmsy/m/n/12 k$ \C19/zhsong/m/n/12/43 Ú$\OML/cmm/m/it/12 []
\OT1/cmr/m/n/12 (\OML/cmm/m/it/12 t[]\OT1/cmr/m/n/12 ) = [] [] \OMS/cmsy/m/n/12
 k[]\OT1/cmr/m/n/12 (\OML/cmm/m/it/12 \OMS/cmsy/m/n/12 j\OML/cmm/m/it/12 t[]\O
T1/cmr/m/n/12 ) \OMS/cmsy/m/n/12   []\OT1/cmr/m/n/12 (\OML/cmm/m/it/12 \OMS/cm
sy/m/n/12 j\OML/cmm/m/it/12 t[]\OT1/cmr/m/n/12 )\OMS/cmsy/m/n/12 k$|\C19/rm/m/n
/12/25 "|
 []

pdfTeX warning (ext4): destination with the same identifier (name{remark.1}) ha
s been already used, duplicate ignored
<to be read again> 
                   \relax 
l.148 \begin{remark}
                    pdfTeX warning (ext4): destination with the same identifier
 (name{definition.1}) has been already used, duplicate ignored
<to be read again> 
                   \relax 
l.161 \begin{definition}
                         [38]pdfTeX warning (ext4): destination with the same i
dentifier (name{assumption.1}) has been already used, duplicate ignored
<to be read again> 
                   \relax 
l.200 \begin{assumption}
                        pdfTeX warning (ext4): destination with the same identi
fier (name{assumption.2}) has been already used, duplicate ignored
<to be read again> 
                   \relax 
l.209 \begin{assumption}
                         [39]pdfTeX warning (ext4): destination with the same i
dentifier (name{remark.2}) has been already used, duplicate ignored
<to be read again> 
                   \relax 
l.214 \begin{remark}
                    
Overfull \hbox (9.0309pt too wide) in paragraph at lines 222--224
[]\C19/rm/m/it/12/42 ‰ \C19/rm/m/it/12/40 ½ \C19/rm/m/it/12/37 ë \C19/rm/m/it/1
2/55 ê$\OML/cmm/m/it/12 a[]$|\C19/rm/m/it/12/25 !| $\OML/cmm/m/it/12 []$|\C19/
rm/m/it/12/25 !| $\OML/cmm/m/it/12 []$\C19/rm/m/it/12/43 Ú$\OML/cmm/m/it/12 [
]$|\C19/rm/m/it/12/26 §| \C19/rm/m/it/12/63 3 \C19/rm/m/it/12/45 b \C19/rm/m/it
/12/55 [][]\OT1/cmr/m/it/12 3.1[][]\C19/rm/m/it/12/43 Ú \C19/rm/m/it/12/45 b \
C19/rm/m/it/12/55 [][]\OT1/cmr/m/it/12 3.2[][]\C19/rm/m/it/12/59 e|\C19/rm/m/i
t/12/26 §| \C19/rm/m/it/12/54 X \C19/rm/m/it/12/43 J$\OT1/cmr/m/n/12 [] + [] 
\OMS/cmsy/m/n/12  \OT1/cmr/m/n/12 0$\C19/rm/m/it/12/53 …$\OML/cmm/m/it/12 []k
[] \OT1/cmr/m/n/12 =$
 []

[40]pdfTeX warning (ext4): destination with the same identifier (name{remark.3}
) has been already used, duplicate ignored
<to be read again> 
                   \relax 
l.282 \begin{remark}
                     [41] [42] [43] [44]
<figures/chap3_state.pdf, id=1081, 597.23125pt x 845.1575pt>
File: figures/chap3_state.pdf Graphic file (type pdf)

<use figures/chap3_state.pdf>
Package pdftex.def Info: figures/chap3_state.pdf used on input line 399.
(pdftex.def)             Requested size: 414.58246pt x 586.69283pt.

Overfull \hbox (2.99086pt too wide) in alignment at lines 424--427
 [][][] []
 []

<figures/chap3_input.pdf, id=1087, 597.23125pt x 845.1575pt>
File: figures/chap3_input.pdf Graphic file (type pdf)

<use figures/chap3_input.pdf>
Package pdftex.def Info: figures/chap3_input.pdf used on input line 433.
(pdftex.def)             Requested size: 414.58246pt x 586.69283pt.

<figures/chap3_cost.pdf, id=1088, 597.23125pt x 845.1575pt>
File: figures/chap3_cost.pdf Graphic file (type pdf)

<use figures/chap3_cost.pdf>
Package pdftex.def Info: figures/chap3_cost.pdf used on input line 442.
(pdftex.def)             Requested size: 299.41989pt x 423.71257pt.
 [45pdfTeX warning (ext4): destination with the same identifier (name{equation.
3.4.31}) has been already used, duplicate ignored

\AtBegShi@Output ...ipout \box \AtBeginShipoutBox 
                                                  \fi \fi 
l.480 \end{eqnarray*}
                     ]

LaTeX Warning: Text page 46 contains only floats.

[46 <E:/Graduate/å¯¼èˆªæ¨¡å—_è¯¾é¢˜/BITè®ºæ–‡æ¨¡æ¿/æ¯•ä¸šè®ºæ–‡Final Veision 
- å‰¯æœ¬/figures/chap3_state.pdf>]

LaTeX Warning: Text page 47 contains only floats.

[47 <E:/Graduate/å¯¼èˆªæ¨¡å—_è¯¾é¢˜/BITè®ºæ–‡æ¨¡æ¿/æ¯•ä¸šè®ºæ–‡Final Veision 
- å‰¯æœ¬/figures/chap3_input.pdf>]
Underfull \vbox (badness 1275) has occurred while \output is active []

 [48 <E:/Graduate/å¯¼èˆªæ¨¡å—_è¯¾é¢˜/BITè®ºæ–‡æ¨¡æ¿/æ¯•ä¸šè®ºæ–‡Final Veision
 - å‰¯æœ¬/figures/chap3_cost.pdf>]) [49]
("E:\Graduate\å¯¼èˆªæ¨¡å—_è¯¾é¢˜\BITè®ºæ–‡æ¨¡æ¿\æ¯•ä¸šè®ºæ–‡Final Veision - å
‰¯æœ¬\chapter/chapter4.tex" [50



]
µÚ4\ignorespaces ÕÂ
pdfTeX warning (ext4): destination with the same identifier (name{notation.1}) 
has been already used, duplicate ignored
<to be read again> 
                   \relax 
l.19 \begin{notation}
                      [51]pdfTeX warning (ext4): destination with the same iden
tifier (name{assumption.1}) has been already used, duplicate ignored
<to be read again> 
                   \relax 
l.48 \begin{assumption}
                        [52] [53]pdfTeX warning (ext4): destination with the sa
me identifier (name{remark.1}) has been already used, duplicate ignored
<to be read again> 
                   \relax 
l.143 \begin{remark}
                    
Overfull \hbox (0.89494pt too wide) in paragraph at lines 144--145
[]\C19/rm/m/it/12/43 Ú \C19/rm/m/it/12/40 1 \C19/rm/m/it/12/41  \C19/rm/m/it/1
2/63 Ù|\C19/rm/m/it/12/25 !| \C19/rm/m/it/12/40 1 \C19/rm/m/it/12/54 n \C19/rm/
m/it/12/63 Ù \C19/rm/m/it/12/55  \C19/rm/m/it/12/45 O \C19/rm/m/it/12/40  \C1
9/rm/m/it/12/59 ƒ \C19/rm/m/it/12/54 N \C19/rm/m/it/12/60 5 \C19/rm/m/it/12/63 
 \C19/rm/m/it/12/55 å \C19/rm/m/it/12/40  \C19/rm/m/it/12/54 ş \C19/rm/m/it/1
2/46 . \C19/rm/m/it/12/37 Ø \C19/rm/bx/it/12/57 Ó|\C19/rm/m/it/12/26 §| \C19/rm
/m/it/12/38 Ø \C19/rm/m/it/12/49 
 |\C19/rm/m/it/12/26 £|[][]\OT1/cmr/m/it/12 4.10[][]|\C19/rm/m/it/12/26 ¤| \C19
/rm/m/it/12/64 ƒ \C19/rm/bx/it/12/58 	|\C19/rm/m/it/12/26 §||£|[][]\OT1/cmr/m/i
t/12 4.11[][]|\C19/rm/m/it/12/26 ¤|
 []

[54]pdfTeX warning (ext4): destination with the same identifier (name{remark.2}
) has been already used, duplicate ignored
<to be read again> 
                   \relax 
l.202 \begin{remark}
                     [55]pdfTeX warning (ext4): destination with the same ident
ifier (name{assumption.2}) has been already used, duplicate ignored
<to be read again> 
                   \relax 
l.223 \begin{assumption}
                         [56]
Overfull \hbox (1.22324pt too wide) in paragraph at lines 256--257
[]\C19/zhsong/m/n/12/59 e \C19/zhsong/m/n/12/50 ¡ \C19/zhsong/m/n/12/64 y \C19/
zhsong/m/n/12/50 ² \C19/zhsong/m/n/12/64 ª \C19/zhsong/m/n/12/40 à \C19/zhsong/
m/n/12/38 ¤ \C19/zhsong/m/n/12/37  \C19/zhsong/m/n/12/58  \C19/zhsong/m/n/12/
46 Û \C19/zhsong/m/n/12/37 Ü \C19/zhsong/m/n/12/48 o \C19/zhsong/m/n/12/60 æ \C
19/zhsong/m/n/12/52 Ê \C19/zhsong/m/n/12/51 ì \C19/zhsong/m/n/12/41 Å \C19/zhso
ng/m/n/12/43 ¼ \C19/zhsong/m/n/12/55 ê|\C19/rm/m/n/12/25 "| \C19/zhsong/m/n/12/
58  \C19/zhsong/m/n/12/49 
 \C19/zhsong/m/n/12/41  \C19/zhsong/m/n/12/37 B|\C19/rm/m/n/12/26 §| \C19/zhso
ng/m/n/12/45 ò \C19/zhsong/m/n/12/64 ª \C19/zhsong/m/n/12/40 à \C19/zhsong/m/n/
12/47 › \C19/zhsong/m/n/12/64 › \C19/zhsong/m/n/12/52 ì \C19/zhsong/m/n/12/60 
 \C19/zhsong/m/n/12/38 ¤$\OML/cmm/m/it/12 []\OT1/cmr/m/n/12 (\OML/cmm/m/it/12 
z[]\OT1/cmr/m/n/12 (\OML/cmm/m/it/12 k\OT1/cmr/m/n/12 )) =$
 []

pdfTeX warning (ext4): destination with the same identifier (name{remark.3}) ha
s been already used, duplicate ignored
<to be read again> 
                   \relax 
l.270 \begin{remark}
                    pdfTeX warning (ext4): destination with the same identifier
 (name{remark.4}) has been already used, duplicate ignored
<to be read again> 
                   \relax 
l.274 \begin{remark}
                     [57] [58] [59] [60pdfTeX warning (ext4): destination with 
the same identifier (name{equation.4.4.35}) has been already used, duplicate ig
nored

\AtBegShi@Output ...ipout \box \AtBeginShipoutBox 
                                                  \fi \fi 
l.374 \end{eqnarray}
                    ]
<figures/chap4_trajectory.pdf, id=1248, 597.23125pt x 845.1575pt>
File: figures/chap4_trajectory.pdf Graphic file (type pdf)

<use figures/chap4_trajectory.pdf>
Package pdftex.def Info: figures/chap4_trajectory.pdf used on input line 402.
(pdftex.def)             Requested size: 276.39299pt x 391.13715pt.

<figures/chap4_collision_avoidance.pdf, id=1249, 597.23125pt x 845.1575pt>
File: figures/chap4_collision_avoidance.pdf Graphic file (type pdf)

<use figures/chap4_collision_avoidance.pdf>
Package pdftex.def Info: figures/chap4_collision_avoidance.pdf used on input li
ne 411.
(pdftex.def)             Requested size: 276.39299pt x 391.13715pt.

<figures/chap4_input1.pdf, id=1250, 597.23125pt x 845.1575pt>
File: figures/chap4_input1.pdf Graphic file (type pdf)

<use figures/chap4_input1.pdf>
Package pdftex.def Info: figures/chap4_input1.pdf used on input line 422.
(pdftex.def)             Requested size: 276.39299pt x 391.13715pt.

<figures/chap4_input2.pdf, id=1251, 597.23125pt x 845.1575pt>
File: figures/chap4_input2.pdf Graphic file (type pdf)

<use figures/chap4_input2.pdf>
Package pdftex.def Info: figures/chap4_input2.pdf used on input line 430.
(pdftex.def)             Requested size: 276.39299pt x 391.13715pt.
 [61]
Underfull \vbox (badness 10000) has occurred while \output is active []

 [62 <E:/Graduate/å¯¼èˆªæ¨¡å—_è¯¾é¢˜/BITè®ºæ–‡æ¨¡æ¿/æ¯•ä¸šè®ºæ–‡Final Veision
 - å‰¯æœ¬/figures/chap4_trajectory.pdf>]
<figures/chap4_cost.pdf, id=1267, 597.23125pt x 845.1575pt>
File: figures/chap4_cost.pdf Graphic file (type pdf)

<use figures/chap4_cost.pdf>
Package pdftex.def Info: figures/chap4_cost.pdf used on input line 596.
(pdftex.def)             Requested size: 276.39299pt x 391.13715pt.
 [63 <E:/Graduate/å¯¼èˆªæ¨¡å—_è¯¾é¢˜/BITè®ºæ–‡æ¨¡æ¿/æ¯•ä¸šè®ºæ–‡Final Veision
 - å‰¯æœ¬/figures/chap4_collision_avoidance.pdf>])
[64 <E:/Graduate/å¯¼èˆªæ¨¡å—_è¯¾é¢˜/BITè®ºæ–‡æ¨¡æ¿/æ¯•ä¸šè®ºæ–‡Final Veision 
- å‰¯æœ¬/figures/chap4_input1.pdf>] [65 <E:/Graduate/å¯¼èˆªæ¨¡å—_è¯¾é¢˜/BITè®º
æ–‡æ¨¡æ¿/æ¯•ä¸šè®ºæ–‡Final Veision - å‰¯æœ¬/figures/chap4_input2.pdf>]
[66 <E:/Graduate/å¯¼èˆªæ¨¡å—_è¯¾é¢˜/BITè®ºæ–‡æ¨¡æ¿/æ¯•ä¸šè®ºæ–‡Final Veision 
- å‰¯æœ¬/figures/chap4_cost.pdf>]
("E:\Graduate\å¯¼èˆªæ¨¡å—_è¯¾é¢˜\BITè®ºæ–‡æ¨¡æ¿\æ¯•ä¸šè®ºæ–‡Final Veision - å
‰¯æœ¬\chapter/chapter5.tex"
µÚ5\ignorespaces ÕÂ
[67



]) [68]
("E:\Graduate\å¯¼èˆªæ¨¡å—_è¯¾é¢˜\BITè®ºæ–‡æ¨¡æ¿\æ¯•ä¸šè®ºæ–‡Final Veision - å
‰¯æœ¬\chapter/chap-bibs.tex" [69



] [70] [71] [72] [73] [74] [75] [76] [77])
[78]
("E:\Graduate\å¯¼èˆªæ¨¡å—_è¯¾é¢˜\BITè®ºæ–‡æ¨¡æ¿\æ¯•ä¸šè®ºæ–‡Final Veision - å
‰¯æœ¬\chapter/chap-pubs.tex" [79



]) [80]
("E:\Graduate\å¯¼èˆªæ¨¡å—_è¯¾é¢˜\BITè®ºæ–‡æ¨¡æ¿\æ¯•ä¸šè®ºæ–‡Final Veision - å
‰¯æœ¬\chapter/chap-ack.tex" [81



]) [82]
Package atveryend Info: Empty hook `BeforeClearDocument' on input line 51.
Package atveryend Info: Empty hook `AfterLastShipout' on input line 51.

("E:\Graduate\å¯¼èˆªæ¨¡å—_è¯¾é¢˜\BITè®ºæ–‡æ¨¡æ¿\æ¯•ä¸šè®ºæ–‡Final Veision - å
‰¯æœ¬\Thesis_of_YULONG_GAO.aux"
("E:\Graduate\å¯¼èˆªæ¨¡å—_è¯¾é¢˜\BITè®ºæ–‡æ¨¡æ¿\æ¯•ä¸šè®ºæ–‡Final Veision - å
‰¯æœ¬\chapter/chapter1.aux")
("E:\Graduate\å¯¼èˆªæ¨¡å—_è¯¾é¢˜\BITè®ºæ–‡æ¨¡æ¿\æ¯•ä¸šè®ºæ–‡Final Veision - å
‰¯æœ¬\chapter/chapter2.aux")
("E:\Graduate\å¯¼èˆªæ¨¡å—_è¯¾é¢˜\BITè®ºæ–‡æ¨¡æ¿\æ¯•ä¸šè®ºæ–‡Final Veision - å
‰¯æœ¬\chapter/chapter3.aux")
("E:\Graduate\å¯¼èˆªæ¨¡å—_è¯¾é¢˜\BITè®ºæ–‡æ¨¡æ¿\æ¯•ä¸šè®ºæ–‡Final Veision - å
‰¯æœ¬\chapter/chapter4.aux")
("E:\Graduate\å¯¼èˆªæ¨¡å—_è¯¾é¢˜\BITè®ºæ–‡æ¨¡æ¿\æ¯•ä¸šè®ºæ–‡Final Veision - å
‰¯æœ¬\chapter/chapter5.aux")
("E:\Graduate\å¯¼èˆªæ¨¡å—_è¯¾é¢˜\BITè®ºæ–‡æ¨¡æ¿\æ¯•ä¸šè®ºæ–‡Final Veision - å
‰¯æœ¬\chapter/chap-bibs.aux")
("E:\Graduate\å¯¼èˆªæ¨¡å—_è¯¾é¢˜\BITè®ºæ–‡æ¨¡æ¿\æ¯•ä¸šè®ºæ–‡Final Veision - å
‰¯æœ¬\chapter/chap-pubs.aux")
("E:\Graduate\å¯¼èˆªæ¨¡å—_è¯¾é¢˜\BITè®ºæ–‡æ¨¡æ¿\æ¯•ä¸šè®ºæ–‡Final Veision - å
‰¯æœ¬\chapter/chap-ack.aux"))
Package atveryend Info: Executing hook `AtVeryEndDocument' on input line 51.
Package atveryend Info: Executing hook `AtEndAfterFileList' on input line 51.
Package rerunfilecheck Info: File `Thesis_of_YULONG_GAO.out' has not changed.
(rerunfilecheck)             Checksum: 5B704596AA2690BCE1D3A7308F6386D9;3451.


LaTeX Warning: There were multiply-defined labels.

 ) 
Here is how much of TeX's memory you used:
 20529 strings out of 495354
 332291 string characters out of 3183859
 391381 words of memory out of 3000000
 22774 multiletter control sequences out of 15000+200000
 79283 words of font info for 274 fonts, out of 3000000 for 9000
 14 hyphenation exceptions out of 8191
 42i,14n,60p,1395b,1657s stack positions out of 5000i,500n,10000p,200000b,50000s
<C:/Windows/Fonts/simsun.ttc><C:/Windows/Fonts/simsun.ttc><C:/Windows/Fonts/s
imsun.ttc><C:/Windows/Fonts/simsun.ttc><C:/Windows/Fonts/simsun.ttc><C:/Windows
/Fonts/simsun.ttc><C:/Windows/Fonts/simsun.ttc><C:/Windows/Fonts/simhei.ttf><C:
/Windows/Fonts/simhei.ttf><C:/Windows/Fonts/simkai.ttf><C:/Windows/Fonts/simhei
.ttf><C:/Windows/Fonts/simhei.ttf><C:/Windows/Fonts/simhei.ttf><C:/Windows/Font
s/simkai.ttf><C:/Windows/Fonts/simkai.ttf><C:/Windows/Fonts/simkai.ttf><C:/Wind
ows/Fonts/simkai.ttf><C:/Windows/Fonts/simkai.ttf><C:/Windows/Fonts/simkai.ttf>
<C:/Windows/Fonts/simkai.ttf><C:/Windows/Fonts/simkai.ttf><C:/Windows/Fonts/sim
kai.ttf><C:/Windows/Fonts/simkai.ttf><C:/Windows/Fonts/simkai.ttf><C:/Windows/F
onts/simkai.ttf><C:/Windows/Fonts/simkai.ttf><C:/Windows/Fonts/simkai.ttf><C:/W
indows/Fonts/simkai.ttf><C:/Windows/Fonts/simkai.ttf><C:/Windows/Fonts/simkai.t
tf><C:/Windows/Fonts/simkai.ttf><C:/Windows/Fonts/simkai.ttf><C:/Windows/Fonts/
simkai.ttf><C:/Windows/Fonts/simkai.ttf><C:/Windows/Fonts/simkai.ttf><C:/Window
s/Fonts/simkai.ttf><C:/Windows/Fonts/simkai.ttf><C:/Windows/Fonts/simkai.ttf><C
:/Windows/Fonts/simkai.ttf><C:/Windows/Fonts/simkai.ttf><C:/Windows/Fonts/simka
i.ttf><C:/Windows/Fonts/simkai.ttf><C:/Windows/Fonts/simkai.ttf><C:/Windows/Fon
ts/simkai.ttf><C:/Windows/Fonts/simkai.ttf><C:/Windows/Fonts/simhei.ttf><C:/Win
dows/Fonts/simhei.ttf><C:/Windows/Fonts/simhei.ttf><C:/Windows/Fonts/simhei.ttf
><C:/Windows/Fonts/simhei.ttf><C:/Windows/Fonts/simhei.ttf><C:/Windows/Fonts/si
mhei.ttf><C:/Windows/Fonts/simhei.ttf><C:/Windows/Fonts/simhei.ttf><C:/Windows/
Fonts/simhei.ttf><C:/Windows/Fonts/simhei.ttf><C:/Windows/Fonts/simhei.ttf><C:/
Windows/Fonts/simhei.ttf><C:/Windows/Fonts/simsun.ttc><C:/Windows/Fonts/simhei.
ttf><C:/Windows/Fonts/simhei.ttf><C:/Windows/Fonts/simhei.ttf><C:/Windows/Fonts
/simhei.ttf><C:/Windows/Fonts/simhei.ttf><C:/Windows/Fonts/simhei.ttf><C:/Windo
ws/Fonts/simhei.ttf><C:/Windows/Fonts/simhei.ttf><C:/Windows/Fonts/simhei.ttf><
C:/Windows/Fonts/simhei.ttf><C:/Windows/Fonts/simsun.ttc><C:/Windows/Fonts/sims
un.ttc><C:/Windows/Fonts/simsun.ttc><C:/Windows/Fonts/simsun.ttc><C:/Windows/Fo
nts/simsun.ttc><C:/Windows/Fonts/simsun.ttc><C:/Windows/Fonts/simsun.ttc><C:/Wi
ndows/Fonts/simsun.ttc><C:/Windows/Fonts/simsun.ttc><C:/Windows/Fonts/simsun.tt
c><C:/Windows/Fonts/simsun.ttc><C:/Windows/Fonts/simsun.ttc><C:/Windows/Fonts/s
imsun.ttc><C:/Windows/Fonts/simsun.ttc><C:/Windows/Fonts/simsun.ttc><C:/Windows
/Fonts/simsun.ttc><C:/Windows/Fonts/simsun.ttc><C:/Windows/Fonts/simsun.ttc><C:
/Windows/Fonts/simsun.ttc><C:/Windows/Fonts/simsun.ttc><C:/Windows/Fonts/simsun
.ttc><C:/Windows/Fonts/simsun.ttc><C:/Windows/Fonts/simsun.ttc><C:/Windows/Font
s/simhei.ttf><C:/Windows/Fonts/simhei.ttf><C:/Windows/Fonts/simsun.ttc><C:/Wind
ows/Fonts/simsun.ttc><C:/Windows/Fonts/simsun.ttc><C:/Windows/Fonts/simsun.ttc>
<C:/Windows/Fonts/simsun.ttc><C:/Windows/Fonts/simsun.ttc><C:/Windows/Fonts/sim
sun.ttc><C:/Windows/Fonts/simsun.ttc><C:/Windows/Fonts/simsun.ttc><C:/Windows/F
onts/simsun.ttc><D:/CTEX/MiKTeX/fonts/type1/public/amsfonts/cm/cmbx10.pfb><D:/C
TEX/MiKTeX/fonts/type1/public/amsfonts/cm/cmbx12.pfb><D:/CTEX/MiKTeX/fonts/type
1/public/amsfonts/cm/cmbxti10.pfb><D:/CTEX/MiKTeX/fonts/type1/public/amsfonts/c
m/cmex10.pfb><D:/CTEX/MiKTeX/fonts/type1/public/amsfonts/cmextra/cmex8.pfb><D:/
CTEX/MiKTeX/fonts/type1/public/amsfonts/cm/cmmi10.pfb><D:/CTEX/MiKTeX/fonts/typ
e1/public/amsfonts/cm/cmmi12.pfb><D:/CTEX/MiKTeX/fonts/type1/public/amsfonts/cm
/cmmi6.pfb><D:/CTEX/MiKTeX/fonts/type1/public/amsfonts/cm/cmmi8.pfb><D:/CTEX/Mi
KTeX/fonts/type1/public/amsfonts/cm/cmr10.pfb><D:/CTEX/MiKTeX/fonts/type1/publi
c/amsfonts/cm/cmr12.pfb><D:/CTEX/MiKTeX/fonts/type1/public/amsfonts/cm/cmr6.pfb
><D:/CTEX/MiKTeX/fonts/type1/public/amsfonts/cm/cmr8.pfb><D:/CTEX/MiKTeX/fonts/
type1/public/amsfonts/cm/cmsy10.pfb><D:/CTEX/MiKTeX/fonts/type1/public/amsfonts
/cm/cmsy6.pfb><D:/CTEX/MiKTeX/fonts/type1/public/amsfonts/cm/cmsy8.pfb><D:/CTEX
/MiKTeX/fonts/type1/public/amsfonts/cm/cmti12.pfb><D:/CTEX/MiKTeX/fonts/type1/p
ublic/amsfonts/cm/cmti7.pfb><D:/CTEX/MiKTeX/fonts/type1/public/amsfonts/symbols
/msam10.pfb><D:/CTEX/MiKTeX/fonts/type1/public/amsfonts/symbols/msbm10.pfb>
Output written on Thesis_of_YULONG_GAO.pdf (88 pages, 1570237 bytes).
PDF statistics:
 1857 PDF objects out of 2073 (max. 8388607)
 383 named destinations out of 1000 (max. 500000)
 536 words of extra memory for PDF output out of 10000 (max. 10000000)

